Compilación iniciada a las 29/12/2017 20:27:17.
     1>Proyecto "D:\UNI\TERCER CURSO\IG II\IG2-Ogre\HolaOGRE\HolaOGRE.vcxproj" en el nodo 2 (Build destinos).
     1>ClCompile:
         D:\Visual Studio\VC\bin\CL.exe /c /ZI /nologo /W3 /WX- /sdl /Od /Oy- /D _MBCS /Gm /EHsc /RTC1 /MDd /GS /fp:precise /Zc:wchar_t /Zc:forScope /Fo"Debug\\" /Fd"Debug\vc120.pdb" /Gd /TP /analyze- /errorReport:prompt Sinbad.cpp
         Sinbad.cpp
     1>d:\uni\tercer curso\ig ii\ig2-ogre\holaogre\myapplicationcontext.h(4): warning C4067: símbolos (token) inesperados después de la directiva del preprocesador; se esperaba una nueva línea
     1>d:\uni\tercer curso\ig ii\ig2-ogre\ogresdk\include\ogre\rtshadersystem\ogreshaderprogrammanager.h(212): warning C4251: 'Ogre::RTShader::ProgramManager::mCpuProgramsList' : class 'std::set<T,P,std::allocator<_Kty>>' necesita tener una interfaz DLL para que la utilicen los clientes de class 'Ogre::RTShader::ProgramManager'
                 with
                 [
                     T=Ogre::RTShader::Program *
         ,            P=std::less<Ogre::RTShader::Program *>
         ,            _Kty=Ogre::RTShader::Program *
                 ]
     1>d:\uni\tercer curso\ig ii\ig2-ogre\ogresdk\include\ogre\rtshadersystem\ogreshaderprogrammanager.h(214): warning C4251: 'Ogre::RTShader::ProgramManager::mProgramWritersMap' : class 'std::map<K,V,P,std::allocator<std::pair<const _Kty,_Ty>>>' necesita tener una interfaz DLL para que la utilicen los clientes de class 'Ogre::RTShader::ProgramManager'
                 with
                 [
                     K=Ogre::String
         ,            V=Ogre::RTShader::ProgramWriter *
         ,            P=std::less<Ogre::String>
         ,            _Kty=Ogre::String
         ,            _Ty=Ogre::RTShader::ProgramWriter *
                 ]
     1>d:\uni\tercer curso\ig ii\ig2-ogre\ogresdk\include\ogre\rtshadersystem\ogreshaderprogrammanager.h(216): warning C4251: 'Ogre::RTShader::ProgramManager::mProgramProcessorsMap' : class 'std::map<K,V,P,std::allocator<std::pair<const _Kty,_Ty>>>' necesita tener una interfaz DLL para que la utilicen los clientes de class 'Ogre::RTShader::ProgramManager'
                 with
                 [
                     K=Ogre::String
         ,            V=Ogre::RTShader::ProgramProcessor *
         ,            P=std::less<Ogre::String>
         ,            _Kty=Ogre::String
         ,            _Ty=Ogre::RTShader::ProgramProcessor *
                 ]
     1>d:\uni\tercer curso\ig ii\ig2-ogre\ogresdk\include\ogre\rtshadersystem\ogreshaderprogrammanager.h(218): warning C4251: 'Ogre::RTShader::ProgramManager::mProgramWriterFactories' : class 'std::vector<T,std::allocator<_Ty>>' necesita tener una interfaz DLL para que la utilicen los clientes de class 'Ogre::RTShader::ProgramManager'
                 with
                 [
                     T=Ogre::RTShader::ProgramWriterFactory *
         ,            _Ty=Ogre::RTShader::ProgramWriterFactory *
                 ]
     1>d:\uni\tercer curso\ig ii\ig2-ogre\ogresdk\include\ogre\rtshadersystem\ogreshaderprogrammanager.h(220): warning C4251: 'Ogre::RTShader::ProgramManager::mVertexShaderMap' : class 'std::map<K,V,P,std::allocator<std::pair<const _Kty,_Ty>>>' necesita tener una interfaz DLL para que la utilicen los clientes de class 'Ogre::RTShader::ProgramManager'
                 with
                 [
                     K=Ogre::String
         ,            V=Ogre::GpuProgramPtr
         ,            P=std::less<Ogre::String>
         ,            _Kty=Ogre::String
         ,            _Ty=Ogre::GpuProgramPtr
                 ]
     1>d:\uni\tercer curso\ig ii\ig2-ogre\ogresdk\include\ogre\rtshadersystem\ogreshaderprogrammanager.h(222): warning C4251: 'Ogre::RTShader::ProgramManager::mFragmentShaderMap' : class 'std::map<K,V,P,std::allocator<std::pair<const _Kty,_Ty>>>' necesita tener una interfaz DLL para que la utilicen los clientes de class 'Ogre::RTShader::ProgramManager'
                 with
                 [
                     K=Ogre::String
         ,            V=Ogre::GpuProgramPtr
         ,            P=std::less<Ogre::String>
         ,            _Kty=Ogre::String
         ,            _Ty=Ogre::GpuProgramPtr
                 ]
     1>d:\uni\tercer curso\ig ii\ig2-ogre\ogresdk\include\ogre\rtshadersystem\ogreshaderprogrammanager.h(224): warning C4251: 'Ogre::RTShader::ProgramManager::mDefaultProgramProcessors' : class 'std::vector<T,std::allocator<_Ty>>' necesita tener una interfaz DLL para que la utilicen los clientes de class 'Ogre::RTShader::ProgramManager'
                 with
                 [
                     T=Ogre::RTShader::ProgramProcessor *
         ,            _Ty=Ogre::RTShader::ProgramProcessor *
                 ]
     1>d:\uni\tercer curso\ig ii\ig2-ogre\ogresdk\include\ogre\rtshadersystem\ogreshaderprogrammanager.h(226): warning C4251: 'Ogre::RTShader::ProgramManager::mProgramSourceToNameMap' : class 'std::map<K,V,P,std::allocator<std::pair<const _Kty,_Ty>>>' necesita tener una interfaz DLL para que la utilicen los clientes de class 'Ogre::RTShader::ProgramManager'
                 with
                 [
                     K=Ogre::String
         ,            V=Ogre::String
         ,            P=std::less<Ogre::String>
         ,            _Kty=Ogre::String
         ,            _Ty=Ogre::String
                 ]
     1>d:\uni\tercer curso\ig ii\ig2-ogre\ogresdk\include\ogre\rtshadersystem\ogreshaderparameter.h(354): warning C4251: 'Ogre::RTShader::Parameter::mName' : class 'std::basic_string<char,std::char_traits<char>,std::allocator<char>>' necesita tener una interfaz DLL para que la utilicen los clientes de class 'Ogre::RTShader::Parameter'
     1>d:\uni\tercer curso\ig ii\ig2-ogre\ogresdk\include\ogre\rtshadersystem\ogreshadersubrenderstate.h(151): warning C4251: 'Ogre::RTShader::SubRenderState::mThisAccessor' : class 'std::shared_ptr<Ogre::RTShader::SubRenderStateAccessor>' necesita tener una interfaz DLL para que la utilicen los clientes de class 'Ogre::RTShader::SubRenderState'
     1>d:\uni\tercer curso\ig ii\ig2-ogre\ogresdk\include\ogre\rtshadersystem\ogreshadersubrenderstate.h(153): warning C4251: 'Ogre::RTShader::SubRenderState::mOtherAccessor' : class 'std::shared_ptr<Ogre::RTShader::SubRenderStateAccessor>' necesita tener una interfaz DLL para que la utilicen los clientes de class 'Ogre::RTShader::SubRenderState'
     1>d:\uni\tercer curso\ig ii\ig2-ogre\ogresdk\include\ogre\rtshadersystem\ogreshadersubrenderstate.h(208): warning C4251: 'Ogre::RTShader::SubRenderStateAccessor::mSubRenderStateInstancesSet' : class 'std::set<T,P,std::allocator<_Ty>>' necesita tener una interfaz DLL para que la utilicen los clientes de class 'Ogre::RTShader::SubRenderStateAccessor'
                 with
                 [
                     T=Ogre::RTShader::SubRenderState *
         ,            P=std::less<Ogre::RTShader::SubRenderState *>
         ,            _Ty=Ogre::RTShader::SubRenderState *
                 ]
     1>d:\uni\tercer curso\ig ii\ig2-ogre\ogresdk\include\ogre\rtshadersystem\ogreshadersubrenderstate.h(311): warning C4251: 'Ogre::RTShader::SubRenderStateFactory::mSubRenderStateList' : class 'std::set<T,P,std::allocator<_Ty>>' necesita tener una interfaz DLL para que la utilicen los clientes de class 'Ogre::RTShader::SubRenderStateFactory'
                 with
                 [
                     T=Ogre::RTShader::SubRenderState *
         ,            P=std::less<Ogre::RTShader::SubRenderState *>
         ,            _Ty=Ogre::RTShader::SubRenderState *
                 ]
     1>d:\uni\tercer curso\ig ii\ig2-ogre\ogresdk\include\ogre\rtshadersystem\ogreshaderrenderstate.h(117): warning C4251: 'Ogre::RTShader::RenderState::mSubRenderStateList' : class 'std::vector<T,std::allocator<_Ty>>' necesita tener una interfaz DLL para que la utilicen los clientes de class 'Ogre::RTShader::RenderState'
                 with
                 [
                     T=Ogre::RTShader::SubRenderState *
         ,            _Ty=Ogre::RTShader::SubRenderState *
                 ]
     1>d:\uni\tercer curso\ig ii\ig2-ogre\ogresdk\include\ogre\rtshadersystem\ogreshadergenerator.h(498): warning C4251: 'Ogre::RTShader::ShaderGenerator::DEFAULT_SCHEME_NAME' : class 'std::basic_string<char,std::char_traits<char>,std::allocator<char>>' necesita tener una interfaz DLL para que la utilicen los clientes de class 'Ogre::RTShader::ShaderGenerator'
     1>d:\uni\tercer curso\ig ii\ig2-ogre\ogresdk\include\ogre\rtshadersystem\ogreshadergenerator.h(585): warning C4251: 'Ogre::RTShader::ShaderGenerator::SGPass::UserKey' : class 'std::basic_string<char,std::char_traits<char>,std::allocator<char>>' necesita tener una interfaz DLL para que la utilicen los clientes de class 'Ogre::RTShader::ShaderGenerator::SGPass'
     1>d:\uni\tercer curso\ig ii\ig2-ogre\ogresdk\include\ogre\rtshadersystem\ogreshadergenerator.h(657): warning C4251: 'Ogre::RTShader::ShaderGenerator::SGTechnique::UserKey' : class 'std::basic_string<char,std::char_traits<char>,std::allocator<char>>' necesita tener una interfaz DLL para que la utilicen los clientes de class 'Ogre::RTShader::ShaderGenerator::SGTechnique'
     1>d:\uni\tercer curso\ig ii\ig2-ogre\ogresdk\include\ogre\rtshadersystem\ogreshadergenerator.h(680): warning C4251: 'Ogre::RTShader::ShaderGenerator::SGTechnique::mPassEntries' : class 'std::vector<T,std::allocator<_Ty>>' necesita tener una interfaz DLL para que la utilicen los clientes de class 'Ogre::RTShader::ShaderGenerator::SGTechnique'
                 with
                 [
                     T=Ogre::RTShader::ShaderGenerator::SGPass *
         ,            _Ty=Ogre::RTShader::ShaderGenerator::SGPass *
                 ]
     1>d:\uni\tercer curso\ig ii\ig2-ogre\ogresdk\include\ogre\rtshadersystem\ogreshadergenerator.h(682): warning C4251: 'Ogre::RTShader::ShaderGenerator::SGTechnique::mCustomRenderStates' : class 'std::vector<T,std::allocator<_Ty>>' necesita tener una interfaz DLL para que la utilicen los clientes de class 'Ogre::RTShader::ShaderGenerator::SGTechnique'
                 with
                 [
                     T=Ogre::RTShader::RenderState *
         ,            _Ty=Ogre::RTShader::RenderState *
                 ]
     1>d:\uni\tercer curso\ig ii\ig2-ogre\ogresdk\include\ogre\rtshadersystem\ogreshadergenerator.h(686): warning C4251: 'Ogre::RTShader::ShaderGenerator::SGTechnique::mDstTechniqueSchemeName' : class 'std::basic_string<char,std::char_traits<char>,std::allocator<char>>' necesita tener una interfaz DLL para que la utilicen los clientes de class 'Ogre::RTShader::ShaderGenerator::SGTechnique'
     1>d:\uni\tercer curso\ig ii\ig2-ogre\ogresdk\include\ogre\rtshadersystem\ogreshadergenerator.h(715): warning C4251: 'Ogre::RTShader::ShaderGenerator::SGMaterial::mName' : class 'std::basic_string<char,std::char_traits<char>,std::allocator<char>>' necesita tener una interfaz DLL para que la utilicen los clientes de class 'Ogre::RTShader::ShaderGenerator::SGMaterial'
     1>d:\uni\tercer curso\ig ii\ig2-ogre\ogresdk\include\ogre\rtshadersystem\ogreshadergenerator.h(717): warning C4251: 'Ogre::RTShader::ShaderGenerator::SGMaterial::mGroup' : class 'std::basic_string<char,std::char_traits<char>,std::allocator<char>>' necesita tener una interfaz DLL para que la utilicen los clientes de class 'Ogre::RTShader::ShaderGenerator::SGMaterial'
     1>d:\uni\tercer curso\ig ii\ig2-ogre\ogresdk\include\ogre\rtshadersystem\ogreshadergenerator.h(719): warning C4251: 'Ogre::RTShader::ShaderGenerator::SGMaterial::mTechniqueEntries' : class 'std::vector<T,std::allocator<_Ty>>' necesita tener una interfaz DLL para que la utilicen los clientes de class 'Ogre::RTShader::ShaderGenerator::SGMaterial'
                 with
                 [
                     T=Ogre::RTShader::ShaderGenerator::SGTechnique *
         ,            _Ty=Ogre::RTShader::ShaderGenerator::SGTechnique *
                 ]
     1>d:\uni\tercer curso\ig ii\ig2-ogre\ogresdk\include\ogre\rtshadersystem\ogreshadergenerator.h(792): warning C4251: 'Ogre::RTShader::ShaderGenerator::SGScheme::mName' : class 'std::basic_string<char,std::char_traits<char>,std::allocator<char>>' necesita tener una interfaz DLL para que la utilicen los clientes de class 'Ogre::RTShader::ShaderGenerator::SGScheme'
     1>d:\uni\tercer curso\ig ii\ig2-ogre\ogresdk\include\ogre\rtshadersystem\ogreshadergenerator.h(794): warning C4251: 'Ogre::RTShader::ShaderGenerator::SGScheme::mTechniqueEntries' : class 'std::vector<T,std::allocator<_Ty>>' necesita tener una interfaz DLL para que la utilicen los clientes de class 'Ogre::RTShader::ShaderGenerator::SGScheme'
                 with
                 [
                     T=Ogre::RTShader::ShaderGenerator::SGTechnique *
         ,            _Ty=Ogre::RTShader::ShaderGenerator::SGTechnique *
                 ]
     1>d:\uni\tercer curso\ig ii\ig2-ogre\ogresdk\include\ogre\rtshadersystem\ogreshadergenerator.h(831): warning C4275: se ha utilizado una interfaz no de DLL class 'Ogre::SceneManager::Listener' como base para la interfaz DLL class 'Ogre::RTShader::ShaderGenerator::SGSceneManagerListener'
                 d:\uni\tercer curso\ig ii\ig2-ogre\ogresdk\include\ogre\ogrescenemanager.h(217) : vea la declaración de 'Ogre::SceneManager::Listener'
                 d:\uni\tercer curso\ig ii\ig2-ogre\ogresdk\include\ogre\rtshadersystem\ogreshadergenerator.h(831) : vea la declaración de 'Ogre::RTShader::ShaderGenerator::SGSceneManagerListener'
     1>d:\uni\tercer curso\ig ii\ig2-ogre\ogresdk\include\ogre\rtshadersystem\ogreshadergenerator.h(878): warning C4275: se ha utilizado una interfaz no de DLL class 'Ogre::ScriptTranslatorManager' como base para la interfaz DLL class 'Ogre::RTShader::ShaderGenerator::SGScriptTranslatorManager'
                 d:\uni\tercer curso\ig ii\ig2-ogre\ogresdk\include\ogre\ogrescripttranslator.h(117) : vea la declaración de 'Ogre::ScriptTranslatorManager'
                 d:\uni\tercer curso\ig ii\ig2-ogre\ogresdk\include\ogre\rtshadersystem\ogreshadergenerator.h(877) : vea la declaración de 'Ogre::RTShader::ShaderGenerator::SGScriptTranslatorManager'
     1>d:\uni\tercer curso\ig ii\ig2-ogre\ogresdk\include\ogre\rtshadersystem\ogreshadergenerator.h(1044): warning C4251: 'Ogre::RTShader::ShaderGenerator::mSceneManagerMap' : class 'std::map<K,V,P,std::allocator<std::pair<const _Kty,_Ty>>>' necesita tener una interfaz DLL para que la utilicen los clientes de class 'Ogre::RTShader::ShaderGenerator'
                 with
                 [
                     K=Ogre::String
         ,            V=Ogre::SceneManager *
         ,            P=std::less<Ogre::String>
         ,            _Kty=Ogre::String
         ,            _Ty=Ogre::SceneManager *
                 ]
     1>d:\uni\tercer curso\ig ii\ig2-ogre\ogresdk\include\ogre\rtshadersystem\ogreshadergenerator.h(1056): warning C4251: 'Ogre::RTShader::ShaderGenerator::mScriptTranslatorsMap' : class 'std::map<K,V,P,std::allocator<std::pair<const _Kty,_Ty>>>' necesita tener una interfaz DLL para que la utilicen los clientes de class 'Ogre::RTShader::ShaderGenerator'
                 with
                 [
                     K=Ogre::String
         ,            V=Ogre::ScriptTranslator *
         ,            P=std::less<Ogre::String>
         ,            _Kty=Ogre::String
         ,            _Ty=Ogre::ScriptTranslator *
                 ]
     1>d:\uni\tercer curso\ig ii\ig2-ogre\ogresdk\include\ogre\rtshadersystem\ogreshadergenerator.h(1060): warning C4251: 'Ogre::RTShader::ShaderGenerator::mShaderLanguage' : class 'std::basic_string<char,std::char_traits<char>,std::allocator<char>>' necesita tener una interfaz DLL para que la utilicen los clientes de class 'Ogre::RTShader::ShaderGenerator'
     1>d:\uni\tercer curso\ig ii\ig2-ogre\ogresdk\include\ogre\rtshadersystem\ogreshadergenerator.h(1064): warning C4251: 'Ogre::RTShader::ShaderGenerator::mVertexShaderProfiles' : class 'std::basic_string<char,std::char_traits<char>,std::allocator<char>>' necesita tener una interfaz DLL para que la utilicen los clientes de class 'Ogre::RTShader::ShaderGenerator'
     1>d:\uni\tercer curso\ig ii\ig2-ogre\ogresdk\include\ogre\rtshadersystem\ogreshadergenerator.h(1066): warning C4251: 'Ogre::RTShader::ShaderGenerator::mVertexShaderProfilesList' : class 'std::vector<T,std::allocator<_Ty>>' necesita tener una interfaz DLL para que la utilicen los clientes de class 'Ogre::RTShader::ShaderGenerator'
                 with
                 [
                     T=Ogre::String
         ,            _Ty=Ogre::String
                 ]
     1>d:\uni\tercer curso\ig ii\ig2-ogre\ogresdk\include\ogre\rtshadersystem\ogreshadergenerator.h(1068): warning C4251: 'Ogre::RTShader::ShaderGenerator::mFragmentShaderProfiles' : class 'std::basic_string<char,std::char_traits<char>,std::allocator<char>>' necesita tener una interfaz DLL para que la utilicen los clientes de class 'Ogre::RTShader::ShaderGenerator'
     1>d:\uni\tercer curso\ig ii\ig2-ogre\ogresdk\include\ogre\rtshadersystem\ogreshadergenerator.h(1070): warning C4251: 'Ogre::RTShader::ShaderGenerator::mFragmentShaderProfilesList' : class 'std::vector<T,std::allocator<_Ty>>' necesita tener una interfaz DLL para que la utilicen los clientes de class 'Ogre::RTShader::ShaderGenerator'
                 with
                 [
                     T=Ogre::String
         ,            _Ty=Ogre::String
                 ]
     1>d:\uni\tercer curso\ig ii\ig2-ogre\ogresdk\include\ogre\rtshadersystem\ogreshadergenerator.h(1072): warning C4251: 'Ogre::RTShader::ShaderGenerator::mShaderCachePath' : class 'std::basic_string<char,std::char_traits<char>,std::allocator<char>>' necesita tener una interfaz DLL para que la utilicen los clientes de class 'Ogre::RTShader::ShaderGenerator'
     1>d:\uni\tercer curso\ig ii\ig2-ogre\ogresdk\include\ogre\rtshadersystem\ogreshadergenerator.h(1082): warning C4251: 'Ogre::RTShader::ShaderGenerator::mMaterialEntriesMap' : class 'std::map<K,V,P,std::allocator<std::pair<const _Kty,_Ty>>>' necesita tener una interfaz DLL para que la utilicen los clientes de class 'Ogre::RTShader::ShaderGenerator'
                 with
                 [
                     K=Ogre::RTShader::ShaderGenerator::MatGroupPair
         ,            V=Ogre::RTShader::ShaderGenerator::SGMaterial *
         ,            P=Ogre::RTShader::ShaderGenerator::MatGroupPair_less
         ,            _Kty=Ogre::RTShader::ShaderGenerator::MatGroupPair
         ,            _Ty=Ogre::RTShader::ShaderGenerator::SGMaterial *
                 ]
     1>d:\uni\tercer curso\ig ii\ig2-ogre\ogresdk\include\ogre\rtshadersystem\ogreshadergenerator.h(1084): warning C4251: 'Ogre::RTShader::ShaderGenerator::mSchemeEntriesMap' : class 'std::map<K,V,P,std::allocator<std::pair<const _Kty,_Ty>>>' necesita tener una interfaz DLL para que la utilicen los clientes de class 'Ogre::RTShader::ShaderGenerator'
                 with
                 [
                     K=Ogre::String
         ,            V=Ogre::RTShader::ShaderGenerator::SGScheme *
         ,            P=std::less<Ogre::String>
         ,            _Kty=Ogre::String
         ,            _Ty=Ogre::RTShader::ShaderGenerator::SGScheme *
                 ]
     1>d:\uni\tercer curso\ig ii\ig2-ogre\ogresdk\include\ogre\rtshadersystem\ogreshadergenerator.h(1086): warning C4251: 'Ogre::RTShader::ShaderGenerator::mTechniqueEntriesMap' : class 'std::map<K,V,P,std::allocator<std::pair<const _Kty,_Ty>>>' necesita tener una interfaz DLL para que la utilicen los clientes de class 'Ogre::RTShader::ShaderGenerator'
                 with
                 [
                     K=Ogre::RTShader::ShaderGenerator::SGTechnique *
         ,            V=Ogre::RTShader::ShaderGenerator::SGTechnique *
         ,            P=std::less<Ogre::RTShader::ShaderGenerator::SGTechnique *>
         ,            _Kty=Ogre::RTShader::ShaderGenerator::SGTechnique *
         ,            _Ty=Ogre::RTShader::ShaderGenerator::SGTechnique *
                 ]
     1>d:\uni\tercer curso\ig ii\ig2-ogre\ogresdk\include\ogre\rtshadersystem\ogreshadergenerator.h(1088): warning C4251: 'Ogre::RTShader::ShaderGenerator::mSubRenderStateFactories' : class 'std::map<K,V,P,std::allocator<std::pair<const _Kty,_Ty>>>' necesita tener una interfaz DLL para que la utilicen los clientes de class 'Ogre::RTShader::ShaderGenerator'
                 with
                 [
                     K=Ogre::String
         ,            V=Ogre::RTShader::SubRenderStateFactory *
         ,            P=std::less<Ogre::String>
         ,            _Kty=Ogre::String
         ,            _Ty=Ogre::RTShader::SubRenderStateFactory *
                 ]
     1>d:\uni\tercer curso\ig ii\ig2-ogre\ogresdk\include\ogre\rtshadersystem\ogreshadergenerator.h(1090): warning C4251: 'Ogre::RTShader::ShaderGenerator::mSubRenderStateExFactories' : class 'std::map<K,V,P,std::allocator<std::pair<const _Kty,_Ty>>>' necesita tener una interfaz DLL para que la utilicen los clientes de class 'Ogre::RTShader::ShaderGenerator'
                 with
                 [
                     K=Ogre::String
         ,            V=Ogre::RTShader::SubRenderStateFactory *
         ,            P=std::less<Ogre::String>
         ,            _Kty=Ogre::String
         ,            _Ty=Ogre::RTShader::SubRenderStateFactory *
                 ]
     1>d:\uni\tercer curso\ig ii\ig2-ogre\ogresdk\include\ogre\rtshadersystem\ogreshaderffptransform.h(75): warning C4251: 'Ogre::RTShader::FFPTransform::Type' : class 'std::basic_string<char,std::char_traits<char>,std::allocator<char>>' necesita tener una interfaz DLL para que la utilicen los clientes de class 'Ogre::RTShader::FFPTransform'
     1>d:\uni\tercer curso\ig ii\ig2-ogre\ogresdk\include\ogre\rtshadersystem\ogreshaderffpcolour.h(116): warning C4251: 'Ogre::RTShader::FFPColour::Type' : class 'std::basic_string<char,std::char_traits<char>,std::allocator<char>>' necesita tener una interfaz DLL para que la utilicen los clientes de class 'Ogre::RTShader::FFPColour'
     1>d:\uni\tercer curso\ig ii\ig2-ogre\ogresdk\include\ogre\rtshadersystem\ogreshaderffpcolour.h(127): warning C4251: 'Ogre::RTShader::FFPColour::mVSInputDiffuse' : class 'std::shared_ptr<Ogre::RTShader::Parameter>' necesita tener una interfaz DLL para que la utilicen los clientes de class 'Ogre::RTShader::FFPColour'
     1>d:\uni\tercer curso\ig ii\ig2-ogre\ogresdk\include\ogre\rtshadersystem\ogreshaderffpcolour.h(129): warning C4251: 'Ogre::RTShader::FFPColour::mVSInputSpecular' : class 'std::shared_ptr<Ogre::RTShader::Parameter>' necesita tener una interfaz DLL para que la utilicen los clientes de class 'Ogre::RTShader::FFPColour'
     1>d:\uni\tercer curso\ig ii\ig2-ogre\ogresdk\include\ogre\rtshadersystem\ogreshaderffpcolour.h(131): warning C4251: 'Ogre::RTShader::FFPColour::mVSOutputDiffuse' : class 'std::shared_ptr<Ogre::RTShader::Parameter>' necesita tener una interfaz DLL para que la utilicen los clientes de class 'Ogre::RTShader::FFPColour'
     1>d:\uni\tercer curso\ig ii\ig2-ogre\ogresdk\include\ogre\rtshadersystem\ogreshaderffpcolour.h(133): warning C4251: 'Ogre::RTShader::FFPColour::mVSOutputSpecular' : class 'std::shared_ptr<Ogre::RTShader::Parameter>' necesita tener una interfaz DLL para que la utilicen los clientes de class 'Ogre::RTShader::FFPColour'
     1>d:\uni\tercer curso\ig ii\ig2-ogre\ogresdk\include\ogre\rtshadersystem\ogreshaderffpcolour.h(135): warning C4251: 'Ogre::RTShader::FFPColour::mPSInputDiffuse' : class 'std::shared_ptr<Ogre::RTShader::Parameter>' necesita tener una interfaz DLL para que la utilicen los clientes de class 'Ogre::RTShader::FFPColour'
     1>d:\uni\tercer curso\ig ii\ig2-ogre\ogresdk\include\ogre\rtshadersystem\ogreshaderffpcolour.h(137): warning C4251: 'Ogre::RTShader::FFPColour::mPSInputSpecular' : class 'std::shared_ptr<Ogre::RTShader::Parameter>' necesita tener una interfaz DLL para que la utilicen los clientes de class 'Ogre::RTShader::FFPColour'
     1>d:\uni\tercer curso\ig ii\ig2-ogre\ogresdk\include\ogre\rtshadersystem\ogreshaderffpcolour.h(139): warning C4251: 'Ogre::RTShader::FFPColour::mPSOutputDiffuse' : class 'std::shared_ptr<Ogre::RTShader::Parameter>' necesita tener una interfaz DLL para que la utilicen los clientes de class 'Ogre::RTShader::FFPColour'
     1>d:\uni\tercer curso\ig ii\ig2-ogre\ogresdk\include\ogre\rtshadersystem\ogreshaderffpcolour.h(141): warning C4251: 'Ogre::RTShader::FFPColour::mPSOutputSpecular' : class 'std::shared_ptr<Ogre::RTShader::Parameter>' necesita tener una interfaz DLL para que la utilicen los clientes de class 'Ogre::RTShader::FFPColour'
     1>d:\uni\tercer curso\ig ii\ig2-ogre\ogresdk\include\ogre\rtshadersystem\ogreshaderffplighting.h(86): warning C4251: 'Ogre::RTShader::FFPLighting::Type' : class 'std::basic_string<char,std::char_traits<char>,std::allocator<char>>' necesita tener una interfaz DLL para que la utilicen los clientes de class 'Ogre::RTShader::FFPLighting'
     1>d:\uni\tercer curso\ig ii\ig2-ogre\ogresdk\include\ogre\rtshadersystem\ogreshaderffplighting.h(96): warning C4251: 'Ogre::RTShader::FFPLighting::LightParams::mPosition' : class 'std::shared_ptr<Ogre::RTShader::UniformParameter>' necesita tener una interfaz DLL para que la utilicen los clientes de struct 'Ogre::RTShader::FFPLighting::LightParams'
     1>d:\uni\tercer curso\ig ii\ig2-ogre\ogresdk\include\ogre\rtshadersystem\ogreshaderffplighting.h(98): warning C4251: 'Ogre::RTShader::FFPLighting::LightParams::mDirection' : class 'std::shared_ptr<Ogre::RTShader::UniformParameter>' necesita tener una interfaz DLL para que la utilicen los clientes de struct 'Ogre::RTShader::FFPLighting::LightParams'
     1>d:\uni\tercer curso\ig ii\ig2-ogre\ogresdk\include\ogre\rtshadersystem\ogreshaderffplighting.h(100): warning C4251: 'Ogre::RTShader::FFPLighting::LightParams::mAttenuatParams' : class 'std::shared_ptr<Ogre::RTShader::UniformParameter>' necesita tener una interfaz DLL para que la utilicen los clientes de struct 'Ogre::RTShader::FFPLighting::LightParams'
     1>d:\uni\tercer curso\ig ii\ig2-ogre\ogresdk\include\ogre\rtshadersystem\ogreshaderffplighting.h(102): warning C4251: 'Ogre::RTShader::FFPLighting::LightParams::mSpotParams' : class 'std::shared_ptr<Ogre::RTShader::UniformParameter>' necesita tener una interfaz DLL para que la utilicen los clientes de struct 'Ogre::RTShader::FFPLighting::LightParams'
     1>d:\uni\tercer curso\ig ii\ig2-ogre\ogresdk\include\ogre\rtshadersystem\ogreshaderffplighting.h(104): warning C4251: 'Ogre::RTShader::FFPLighting::LightParams::mDiffuseColour' : class 'std::shared_ptr<Ogre::RTShader::UniformParameter>' necesita tener una interfaz DLL para que la utilicen los clientes de struct 'Ogre::RTShader::FFPLighting::LightParams'
     1>d:\uni\tercer curso\ig ii\ig2-ogre\ogresdk\include\ogre\rtshadersystem\ogreshaderffplighting.h(106): warning C4251: 'Ogre::RTShader::FFPLighting::LightParams::mSpecularColour' : class 'std::shared_ptr<Ogre::RTShader::UniformParameter>' necesita tener una interfaz DLL para que la utilicen los clientes de struct 'Ogre::RTShader::FFPLighting::LightParams'
     1>d:\uni\tercer curso\ig ii\ig2-ogre\ogresdk\include\ogre\rtshadersystem\ogreshaderffplighting.h(186): warning C4251: 'Ogre::RTShader::FFPLighting::mLightParamsList' : class 'std::vector<T,std::allocator<_Ty>>' necesita tener una interfaz DLL para que la utilicen los clientes de class 'Ogre::RTShader::FFPLighting'
                 with
                 [
                     T=Ogre::RTShader::FFPLighting::LightParams
         ,            _Ty=Ogre::RTShader::FFPLighting::LightParams
                 ]
     1>d:\uni\tercer curso\ig ii\ig2-ogre\ogresdk\include\ogre\rtshadersystem\ogreshaderffplighting.h(188): warning C4251: 'Ogre::RTShader::FFPLighting::mWorldViewMatrix' : class 'std::shared_ptr<Ogre::RTShader::UniformParameter>' necesita tener una interfaz DLL para que la utilicen los clientes de class 'Ogre::RTShader::FFPLighting'
     1>d:\uni\tercer curso\ig ii\ig2-ogre\ogresdk\include\ogre\rtshadersystem\ogreshaderffplighting.h(190): warning C4251: 'Ogre::RTShader::FFPLighting::mWorldViewITMatrix' : class 'std::shared_ptr<Ogre::RTShader::UniformParameter>' necesita tener una interfaz DLL para que la utilicen los clientes de class 'Ogre::RTShader::FFPLighting'
     1>d:\uni\tercer curso\ig ii\ig2-ogre\ogresdk\include\ogre\rtshadersystem\ogreshaderffplighting.h(192): warning C4251: 'Ogre::RTShader::FFPLighting::mVSInPosition' : class 'std::shared_ptr<Ogre::RTShader::Parameter>' necesita tener una interfaz DLL para que la utilicen los clientes de class 'Ogre::RTShader::FFPLighting'
     1>d:\uni\tercer curso\ig ii\ig2-ogre\ogresdk\include\ogre\rtshadersystem\ogreshaderffplighting.h(194): warning C4251: 'Ogre::RTShader::FFPLighting::mVSInNormal' : class 'std::shared_ptr<Ogre::RTShader::Parameter>' necesita tener una interfaz DLL para que la utilicen los clientes de class 'Ogre::RTShader::FFPLighting'
     1>d:\uni\tercer curso\ig ii\ig2-ogre\ogresdk\include\ogre\rtshadersystem\ogreshaderffplighting.h(196): warning C4251: 'Ogre::RTShader::FFPLighting::mVSDiffuse' : class 'std::shared_ptr<Ogre::RTShader::Parameter>' necesita tener una interfaz DLL para que la utilicen los clientes de class 'Ogre::RTShader::FFPLighting'
     1>d:\uni\tercer curso\ig ii\ig2-ogre\ogresdk\include\ogre\rtshadersystem\ogreshaderffplighting.h(198): warning C4251: 'Ogre::RTShader::FFPLighting::mVSOutDiffuse' : class 'std::shared_ptr<Ogre::RTShader::Parameter>' necesita tener una interfaz DLL para que la utilicen los clientes de class 'Ogre::RTShader::FFPLighting'
     1>d:\uni\tercer curso\ig ii\ig2-ogre\ogresdk\include\ogre\rtshadersystem\ogreshaderffplighting.h(200): warning C4251: 'Ogre::RTShader::FFPLighting::mVSOutSpecular' : class 'std::shared_ptr<Ogre::RTShader::Parameter>' necesita tener una interfaz DLL para que la utilicen los clientes de class 'Ogre::RTShader::FFPLighting'
     1>d:\uni\tercer curso\ig ii\ig2-ogre\ogresdk\include\ogre\rtshadersystem\ogreshaderffplighting.h(202): warning C4251: 'Ogre::RTShader::FFPLighting::mDerivedSceneColour' : class 'std::shared_ptr<Ogre::RTShader::UniformParameter>' necesita tener una interfaz DLL para que la utilicen los clientes de class 'Ogre::RTShader::FFPLighting'
     1>d:\uni\tercer curso\ig ii\ig2-ogre\ogresdk\include\ogre\rtshadersystem\ogreshaderffplighting.h(204): warning C4251: 'Ogre::RTShader::FFPLighting::mLightAmbientColour' : class 'std::shared_ptr<Ogre::RTShader::UniformParameter>' necesita tener una interfaz DLL para que la utilicen los clientes de class 'Ogre::RTShader::FFPLighting'
     1>d:\uni\tercer curso\ig ii\ig2-ogre\ogresdk\include\ogre\rtshadersystem\ogreshaderffplighting.h(206): warning C4251: 'Ogre::RTShader::FFPLighting::mDerivedAmbientLightColour' : class 'std::shared_ptr<Ogre::RTShader::UniformParameter>' necesita tener una interfaz DLL para que la utilicen los clientes de class 'Ogre::RTShader::FFPLighting'
     1>d:\uni\tercer curso\ig ii\ig2-ogre\ogresdk\include\ogre\rtshadersystem\ogreshaderffplighting.h(208): warning C4251: 'Ogre::RTShader::FFPLighting::mSurfaceAmbientColour' : class 'std::shared_ptr<Ogre::RTShader::UniformParameter>' necesita tener una interfaz DLL para que la utilicen los clientes de class 'Ogre::RTShader::FFPLighting'
     1>d:\uni\tercer curso\ig ii\ig2-ogre\ogresdk\include\ogre\rtshadersystem\ogreshaderffplighting.h(210): warning C4251: 'Ogre::RTShader::FFPLighting::mSurfaceDiffuseColour' : class 'std::shared_ptr<Ogre::RTShader::UniformParameter>' necesita tener una interfaz DLL para que la utilicen los clientes de class 'Ogre::RTShader::FFPLighting'
     1>d:\uni\tercer curso\ig ii\ig2-ogre\ogresdk\include\ogre\rtshadersystem\ogreshaderffplighting.h(212): warning C4251: 'Ogre::RTShader::FFPLighting::mSurfaceSpecularColour' : class 'std::shared_ptr<Ogre::RTShader::UniformParameter>' necesita tener una interfaz DLL para que la utilicen los clientes de class 'Ogre::RTShader::FFPLighting'
     1>d:\uni\tercer curso\ig ii\ig2-ogre\ogresdk\include\ogre\rtshadersystem\ogreshaderffplighting.h(214): warning C4251: 'Ogre::RTShader::FFPLighting::mSurfaceEmissiveColour' : class 'std::shared_ptr<Ogre::RTShader::UniformParameter>' necesita tener una interfaz DLL para que la utilicen los clientes de class 'Ogre::RTShader::FFPLighting'
     1>d:\uni\tercer curso\ig ii\ig2-ogre\ogresdk\include\ogre\rtshadersystem\ogreshaderffplighting.h(216): warning C4251: 'Ogre::RTShader::FFPLighting::mSurfaceShininess' : class 'std::shared_ptr<Ogre::RTShader::UniformParameter>' necesita tener una interfaz DLL para que la utilicen los clientes de class 'Ogre::RTShader::FFPLighting'
     1>d:\uni\tercer curso\ig ii\ig2-ogre\ogresdk\include\ogre\rtshadersystem\ogreshaderffptexturing.h(95): warning C4251: 'Ogre::RTShader::FFPTexturing::Type' : class 'std::basic_string<char,std::char_traits<char>,std::allocator<char>>' necesita tener una interfaz DLL para que la utilicen los clientes de class 'Ogre::RTShader::FFPTexturing'
     1>d:\uni\tercer curso\ig ii\ig2-ogre\ogresdk\include\ogre\rtshadersystem\ogreshaderffptexturing.h(118): warning C4251: 'Ogre::RTShader::FFPTexturing::TextureUnitParams::mTextureMatrix' : class 'std::shared_ptr<Ogre::RTShader::UniformParameter>' necesita tener una interfaz DLL para que la utilicen los clientes de struct 'Ogre::RTShader::FFPTexturing::TextureUnitParams'
     1>d:\uni\tercer curso\ig ii\ig2-ogre\ogresdk\include\ogre\rtshadersystem\ogreshaderffptexturing.h(120): warning C4251: 'Ogre::RTShader::FFPTexturing::TextureUnitParams::mTextureViewProjImageMatrix' : class 'std::shared_ptr<Ogre::RTShader::UniformParameter>' necesita tener una interfaz DLL para que la utilicen los clientes de struct 'Ogre::RTShader::FFPTexturing::TextureUnitParams'
     1>d:\uni\tercer curso\ig ii\ig2-ogre\ogresdk\include\ogre\rtshadersystem\ogreshaderffptexturing.h(122): warning C4251: 'Ogre::RTShader::FFPTexturing::TextureUnitParams::mTextureSampler' : class 'std::shared_ptr<Ogre::RTShader::UniformParameter>' necesita tener una interfaz DLL para que la utilicen los clientes de struct 'Ogre::RTShader::FFPTexturing::TextureUnitParams'
     1>d:\uni\tercer curso\ig ii\ig2-ogre\ogresdk\include\ogre\rtshadersystem\ogreshaderffptexturing.h(124): warning C4251: 'Ogre::RTShader::FFPTexturing::TextureUnitParams::mTextureSamplerState' : class 'std::shared_ptr<Ogre::RTShader::UniformParameter>' necesita tener una interfaz DLL para que la utilicen los clientes de struct 'Ogre::RTShader::FFPTexturing::TextureUnitParams'
     1>d:\uni\tercer curso\ig ii\ig2-ogre\ogresdk\include\ogre\rtshadersystem\ogreshaderffptexturing.h(126): warning C4251: 'Ogre::RTShader::FFPTexturing::TextureUnitParams::mVSInputTexCoord' : class 'std::shared_ptr<Ogre::RTShader::Parameter>' necesita tener una interfaz DLL para que la utilicen los clientes de struct 'Ogre::RTShader::FFPTexturing::TextureUnitParams'
     1>d:\uni\tercer curso\ig ii\ig2-ogre\ogresdk\include\ogre\rtshadersystem\ogreshaderffptexturing.h(128): warning C4251: 'Ogre::RTShader::FFPTexturing::TextureUnitParams::mVSOutputTexCoord' : class 'std::shared_ptr<Ogre::RTShader::Parameter>' necesita tener una interfaz DLL para que la utilicen los clientes de struct 'Ogre::RTShader::FFPTexturing::TextureUnitParams'
     1>d:\uni\tercer curso\ig ii\ig2-ogre\ogresdk\include\ogre\rtshadersystem\ogreshaderffptexturing.h(130): warning C4251: 'Ogre::RTShader::FFPTexturing::TextureUnitParams::mPSInputTexCoord' : class 'std::shared_ptr<Ogre::RTShader::Parameter>' necesita tener una interfaz DLL para que la utilicen los clientes de struct 'Ogre::RTShader::FFPTexturing::TextureUnitParams'
     1>d:\uni\tercer curso\ig ii\ig2-ogre\ogresdk\include\ogre\rtshadersystem\ogreshaderffptexturing.h(227): warning C4251: 'Ogre::RTShader::FFPTexturing::mTextureUnitParamsList' : class 'std::vector<T,std::allocator<_Ty>>' necesita tener una interfaz DLL para que la utilicen los clientes de class 'Ogre::RTShader::FFPTexturing'
                 with
                 [
                     T=Ogre::RTShader::FFPTexturing::TextureUnitParams
         ,            _Ty=Ogre::RTShader::FFPTexturing::TextureUnitParams
                 ]
     1>d:\uni\tercer curso\ig ii\ig2-ogre\ogresdk\include\ogre\rtshadersystem\ogreshaderffptexturing.h(229): warning C4251: 'Ogre::RTShader::FFPTexturing::mWorldMatrix' : class 'std::shared_ptr<Ogre::RTShader::UniformParameter>' necesita tener una interfaz DLL para que la utilicen los clientes de class 'Ogre::RTShader::FFPTexturing'
     1>d:\uni\tercer curso\ig ii\ig2-ogre\ogresdk\include\ogre\rtshadersystem\ogreshaderffptexturing.h(231): warning C4251: 'Ogre::RTShader::FFPTexturing::mWorldITMatrix' : class 'std::shared_ptr<Ogre::RTShader::UniformParameter>' necesita tener una interfaz DLL para que la utilicen los clientes de class 'Ogre::RTShader::FFPTexturing'
     1>d:\uni\tercer curso\ig ii\ig2-ogre\ogresdk\include\ogre\rtshadersystem\ogreshaderffptexturing.h(233): warning C4251: 'Ogre::RTShader::FFPTexturing::mViewMatrix' : class 'std::shared_ptr<Ogre::RTShader::UniformParameter>' necesita tener una interfaz DLL para que la utilicen los clientes de class 'Ogre::RTShader::FFPTexturing'
     1>d:\uni\tercer curso\ig ii\ig2-ogre\ogresdk\include\ogre\rtshadersystem\ogreshaderffptexturing.h(235): warning C4251: 'Ogre::RTShader::FFPTexturing::mVSInputNormal' : class 'std::shared_ptr<Ogre::RTShader::Parameter>' necesita tener una interfaz DLL para que la utilicen los clientes de class 'Ogre::RTShader::FFPTexturing'
     1>d:\uni\tercer curso\ig ii\ig2-ogre\ogresdk\include\ogre\rtshadersystem\ogreshaderffptexturing.h(237): warning C4251: 'Ogre::RTShader::FFPTexturing::mVSInputPos' : class 'std::shared_ptr<Ogre::RTShader::Parameter>' necesita tener una interfaz DLL para que la utilicen los clientes de class 'Ogre::RTShader::FFPTexturing'
     1>d:\uni\tercer curso\ig ii\ig2-ogre\ogresdk\include\ogre\rtshadersystem\ogreshaderffptexturing.h(239): warning C4251: 'Ogre::RTShader::FFPTexturing::mPSOutDiffuse' : class 'std::shared_ptr<Ogre::RTShader::Parameter>' necesita tener una interfaz DLL para que la utilicen los clientes de class 'Ogre::RTShader::FFPTexturing'
     1>d:\uni\tercer curso\ig ii\ig2-ogre\ogresdk\include\ogre\rtshadersystem\ogreshaderffptexturing.h(241): warning C4251: 'Ogre::RTShader::FFPTexturing::mPSDiffuse' : class 'std::shared_ptr<Ogre::RTShader::Parameter>' necesita tener una interfaz DLL para que la utilicen los clientes de class 'Ogre::RTShader::FFPTexturing'
     1>d:\uni\tercer curso\ig ii\ig2-ogre\ogresdk\include\ogre\rtshadersystem\ogreshaderffptexturing.h(243): warning C4251: 'Ogre::RTShader::FFPTexturing::mPSSpecular' : class 'std::shared_ptr<Ogre::RTShader::Parameter>' necesita tener una interfaz DLL para que la utilicen los clientes de class 'Ogre::RTShader::FFPTexturing'
     1>d:\uni\tercer curso\ig ii\ig2-ogre\ogresdk\include\ogre\rtshadersystem\ogreshaderffpfog.h(117): warning C4251: 'Ogre::RTShader::FFPFog::Type' : class 'std::basic_string<char,std::char_traits<char>,std::allocator<char>>' necesita tener una interfaz DLL para que la utilicen los clientes de class 'Ogre::RTShader::FFPFog'
     1>d:\uni\tercer curso\ig ii\ig2-ogre\ogresdk\include\ogre\rtshadersystem\ogreshaderffpfog.h(151): warning C4251: 'Ogre::RTShader::FFPFog::mWorldViewProjMatrix' : class 'std::shared_ptr<Ogre::RTShader::UniformParameter>' necesita tener una interfaz DLL para que la utilicen los clientes de class 'Ogre::RTShader::FFPFog'
     1>d:\uni\tercer curso\ig ii\ig2-ogre\ogresdk\include\ogre\rtshadersystem\ogreshaderffpfog.h(153): warning C4251: 'Ogre::RTShader::FFPFog::mFogColour' : class 'std::shared_ptr<Ogre::RTShader::UniformParameter>' necesita tener una interfaz DLL para que la utilicen los clientes de class 'Ogre::RTShader::FFPFog'
     1>d:\uni\tercer curso\ig ii\ig2-ogre\ogresdk\include\ogre\rtshadersystem\ogreshaderffpfog.h(155): warning C4251: 'Ogre::RTShader::FFPFog::mFogParams' : class 'std::shared_ptr<Ogre::RTShader::UniformParameter>' necesita tener una interfaz DLL para que la utilicen los clientes de class 'Ogre::RTShader::FFPFog'
     1>d:\uni\tercer curso\ig ii\ig2-ogre\ogresdk\include\ogre\rtshadersystem\ogreshaderffpfog.h(157): warning C4251: 'Ogre::RTShader::FFPFog::mVSInPos' : class 'std::shared_ptr<Ogre::RTShader::Parameter>' necesita tener una interfaz DLL para que la utilicen los clientes de class 'Ogre::RTShader::FFPFog'
     1>d:\uni\tercer curso\ig ii\ig2-ogre\ogresdk\include\ogre\rtshadersystem\ogreshaderffpfog.h(159): warning C4251: 'Ogre::RTShader::FFPFog::mVSOutFogFactor' : class 'std::shared_ptr<Ogre::RTShader::Parameter>' necesita tener una interfaz DLL para que la utilicen los clientes de class 'Ogre::RTShader::FFPFog'
     1>d:\uni\tercer curso\ig ii\ig2-ogre\ogresdk\include\ogre\rtshadersystem\ogreshaderffpfog.h(161): warning C4251: 'Ogre::RTShader::FFPFog::mPSInFogFactor' : class 'std::shared_ptr<Ogre::RTShader::Parameter>' necesita tener una interfaz DLL para que la utilicen los clientes de class 'Ogre::RTShader::FFPFog'
     1>d:\uni\tercer curso\ig ii\ig2-ogre\ogresdk\include\ogre\rtshadersystem\ogreshaderffpfog.h(163): warning C4251: 'Ogre::RTShader::FFPFog::mVSOutDepth' : class 'std::shared_ptr<Ogre::RTShader::Parameter>' necesita tener una interfaz DLL para que la utilicen los clientes de class 'Ogre::RTShader::FFPFog'
     1>d:\uni\tercer curso\ig ii\ig2-ogre\ogresdk\include\ogre\rtshadersystem\ogreshaderffpfog.h(165): warning C4251: 'Ogre::RTShader::FFPFog::mPSInDepth' : class 'std::shared_ptr<Ogre::RTShader::Parameter>' necesita tener una interfaz DLL para que la utilicen los clientes de class 'Ogre::RTShader::FFPFog'
     1>d:\uni\tercer curso\ig ii\ig2-ogre\ogresdk\include\ogre\rtshadersystem\ogreshaderffpfog.h(167): warning C4251: 'Ogre::RTShader::FFPFog::mPSOutDiffuse' : class 'std::shared_ptr<Ogre::RTShader::Parameter>' necesita tener una interfaz DLL para que la utilicen los clientes de class 'Ogre::RTShader::FFPFog'
     1>d:\uni\tercer curso\ig ii\ig2-ogre\ogresdk\include\ogre\rtshadersystem\ogreshaderexperpixellighting.h(95): warning C4251: 'Ogre::RTShader::PerPixelLighting::Type' : class 'std::basic_string<char,std::char_traits<char>,std::allocator<char>>' necesita tener una interfaz DLL para que la utilicen los clientes de class 'Ogre::RTShader::PerPixelLighting'
     1>d:\uni\tercer curso\ig ii\ig2-ogre\ogresdk\include\ogre\rtshadersystem\ogreshaderexperpixellighting.h(105): warning C4251: 'Ogre::RTShader::PerPixelLighting::LightParams::mPosition' : class 'std::shared_ptr<Ogre::RTShader::UniformParameter>' necesita tener una interfaz DLL para que la utilicen los clientes de struct 'Ogre::RTShader::PerPixelLighting::LightParams'
     1>d:\uni\tercer curso\ig ii\ig2-ogre\ogresdk\include\ogre\rtshadersystem\ogreshaderexperpixellighting.h(107): warning C4251: 'Ogre::RTShader::PerPixelLighting::LightParams::mDirection' : class 'std::shared_ptr<Ogre::RTShader::UniformParameter>' necesita tener una interfaz DLL para que la utilicen los clientes de struct 'Ogre::RTShader::PerPixelLighting::LightParams'
     1>d:\uni\tercer curso\ig ii\ig2-ogre\ogresdk\include\ogre\rtshadersystem\ogreshaderexperpixellighting.h(109): warning C4251: 'Ogre::RTShader::PerPixelLighting::LightParams::mAttenuatParams' : class 'std::shared_ptr<Ogre::RTShader::UniformParameter>' necesita tener una interfaz DLL para que la utilicen los clientes de struct 'Ogre::RTShader::PerPixelLighting::LightParams'
     1>d:\uni\tercer curso\ig ii\ig2-ogre\ogresdk\include\ogre\rtshadersystem\ogreshaderexperpixellighting.h(111): warning C4251: 'Ogre::RTShader::PerPixelLighting::LightParams::mSpotParams' : class 'std::shared_ptr<Ogre::RTShader::UniformParameter>' necesita tener una interfaz DLL para que la utilicen los clientes de struct 'Ogre::RTShader::PerPixelLighting::LightParams'
     1>d:\uni\tercer curso\ig ii\ig2-ogre\ogresdk\include\ogre\rtshadersystem\ogreshaderexperpixellighting.h(113): warning C4251: 'Ogre::RTShader::PerPixelLighting::LightParams::mDiffuseColour' : class 'std::shared_ptr<Ogre::RTShader::UniformParameter>' necesita tener una interfaz DLL para que la utilicen los clientes de struct 'Ogre::RTShader::PerPixelLighting::LightParams'
     1>d:\uni\tercer curso\ig ii\ig2-ogre\ogresdk\include\ogre\rtshadersystem\ogreshaderexperpixellighting.h(115): warning C4251: 'Ogre::RTShader::PerPixelLighting::LightParams::mSpecularColour' : class 'std::shared_ptr<Ogre::RTShader::UniformParameter>' necesita tener una interfaz DLL para que la utilicen los clientes de struct 'Ogre::RTShader::PerPixelLighting::LightParams'
     1>d:\uni\tercer curso\ig ii\ig2-ogre\ogresdk\include\ogre\rtshadersystem\ogreshaderexperpixellighting.h(214): warning C4251: 'Ogre::RTShader::PerPixelLighting::mLightParamsList' : class 'std::vector<T,std::allocator<_Ty>>' necesita tener una interfaz DLL para que la utilicen los clientes de class 'Ogre::RTShader::PerPixelLighting'
                 with
                 [
                     T=Ogre::RTShader::PerPixelLighting::LightParams
         ,            _Ty=Ogre::RTShader::PerPixelLighting::LightParams
                 ]
     1>d:\uni\tercer curso\ig ii\ig2-ogre\ogresdk\include\ogre\rtshadersystem\ogreshaderexperpixellighting.h(216): warning C4251: 'Ogre::RTShader::PerPixelLighting::mWorldViewMatrix' : class 'std::shared_ptr<Ogre::RTShader::UniformParameter>' necesita tener una interfaz DLL para que la utilicen los clientes de class 'Ogre::RTShader::PerPixelLighting'
     1>d:\uni\tercer curso\ig ii\ig2-ogre\ogresdk\include\ogre\rtshadersystem\ogreshaderexperpixellighting.h(218): warning C4251: 'Ogre::RTShader::PerPixelLighting::mWorldViewITMatrix' : class 'std::shared_ptr<Ogre::RTShader::UniformParameter>' necesita tener una interfaz DLL para que la utilicen los clientes de class 'Ogre::RTShader::PerPixelLighting'
     1>d:\uni\tercer curso\ig ii\ig2-ogre\ogresdk\include\ogre\rtshadersystem\ogreshaderexperpixellighting.h(220): warning C4251: 'Ogre::RTShader::PerPixelLighting::mVSInPosition' : class 'std::shared_ptr<Ogre::RTShader::Parameter>' necesita tener una interfaz DLL para que la utilicen los clientes de class 'Ogre::RTShader::PerPixelLighting'
     1>d:\uni\tercer curso\ig ii\ig2-ogre\ogresdk\include\ogre\rtshadersystem\ogreshaderexperpixellighting.h(222): warning C4251: 'Ogre::RTShader::PerPixelLighting::mVSOutViewPos' : class 'std::shared_ptr<Ogre::RTShader::Parameter>' necesita tener una interfaz DLL para que la utilicen los clientes de class 'Ogre::RTShader::PerPixelLighting'
     1>d:\uni\tercer curso\ig ii\ig2-ogre\ogresdk\include\ogre\rtshadersystem\ogreshaderexperpixellighting.h(224): warning C4251: 'Ogre::RTShader::PerPixelLighting::mPSInViewPos' : class 'std::shared_ptr<Ogre::RTShader::Parameter>' necesita tener una interfaz DLL para que la utilicen los clientes de class 'Ogre::RTShader::PerPixelLighting'
     1>d:\uni\tercer curso\ig ii\ig2-ogre\ogresdk\include\ogre\rtshadersystem\ogreshaderexperpixellighting.h(226): warning C4251: 'Ogre::RTShader::PerPixelLighting::mVSInNormal' : class 'std::shared_ptr<Ogre::RTShader::Parameter>' necesita tener una interfaz DLL para que la utilicen los clientes de class 'Ogre::RTShader::PerPixelLighting'
     1>d:\uni\tercer curso\ig ii\ig2-ogre\ogresdk\include\ogre\rtshadersystem\ogreshaderexperpixellighting.h(228): warning C4251: 'Ogre::RTShader::PerPixelLighting::mVSOutNormal' : class 'std::shared_ptr<Ogre::RTShader::Parameter>' necesita tener una interfaz DLL para que la utilicen los clientes de class 'Ogre::RTShader::PerPixelLighting'
     1>d:\uni\tercer curso\ig ii\ig2-ogre\ogresdk\include\ogre\rtshadersystem\ogreshaderexperpixellighting.h(230): warning C4251: 'Ogre::RTShader::PerPixelLighting::mPSInNormal' : class 'std::shared_ptr<Ogre::RTShader::Parameter>' necesita tener una interfaz DLL para que la utilicen los clientes de class 'Ogre::RTShader::PerPixelLighting'
     1>d:\uni\tercer curso\ig ii\ig2-ogre\ogresdk\include\ogre\rtshadersystem\ogreshaderexperpixellighting.h(232): warning C4251: 'Ogre::RTShader::PerPixelLighting::mPSTempDiffuseColour' : class 'std::shared_ptr<Ogre::RTShader::Parameter>' necesita tener una interfaz DLL para que la utilicen los clientes de class 'Ogre::RTShader::PerPixelLighting'
     1>d:\uni\tercer curso\ig ii\ig2-ogre\ogresdk\include\ogre\rtshadersystem\ogreshaderexperpixellighting.h(234): warning C4251: 'Ogre::RTShader::PerPixelLighting::mPSTempSpecularColour' : class 'std::shared_ptr<Ogre::RTShader::Parameter>' necesita tener una interfaz DLL para que la utilicen los clientes de class 'Ogre::RTShader::PerPixelLighting'
     1>d:\uni\tercer curso\ig ii\ig2-ogre\ogresdk\include\ogre\rtshadersystem\ogreshaderexperpixellighting.h(236): warning C4251: 'Ogre::RTShader::PerPixelLighting::mPSDiffuse' : class 'std::shared_ptr<Ogre::RTShader::Parameter>' necesita tener una interfaz DLL para que la utilicen los clientes de class 'Ogre::RTShader::PerPixelLighting'
     1>d:\uni\tercer curso\ig ii\ig2-ogre\ogresdk\include\ogre\rtshadersystem\ogreshaderexperpixellighting.h(238): warning C4251: 'Ogre::RTShader::PerPixelLighting::mPSSpecular' : class 'std::shared_ptr<Ogre::RTShader::Parameter>' necesita tener una interfaz DLL para que la utilicen los clientes de class 'Ogre::RTShader::PerPixelLighting'
     1>d:\uni\tercer curso\ig ii\ig2-ogre\ogresdk\include\ogre\rtshadersystem\ogreshaderexperpixellighting.h(240): warning C4251: 'Ogre::RTShader::PerPixelLighting::mPSOutDiffuse' : class 'std::shared_ptr<Ogre::RTShader::Parameter>' necesita tener una interfaz DLL para que la utilicen los clientes de class 'Ogre::RTShader::PerPixelLighting'
     1>d:\uni\tercer curso\ig ii\ig2-ogre\ogresdk\include\ogre\rtshadersystem\ogreshaderexperpixellighting.h(242): warning C4251: 'Ogre::RTShader::PerPixelLighting::mPSOutSpecular' : class 'std::shared_ptr<Ogre::RTShader::Parameter>' necesita tener una interfaz DLL para que la utilicen los clientes de class 'Ogre::RTShader::PerPixelLighting'
     1>d:\uni\tercer curso\ig ii\ig2-ogre\ogresdk\include\ogre\rtshadersystem\ogreshaderexperpixellighting.h(244): warning C4251: 'Ogre::RTShader::PerPixelLighting::mDerivedSceneColour' : class 'std::shared_ptr<Ogre::RTShader::UniformParameter>' necesita tener una interfaz DLL para que la utilicen los clientes de class 'Ogre::RTShader::PerPixelLighting'
     1>d:\uni\tercer curso\ig ii\ig2-ogre\ogresdk\include\ogre\rtshadersystem\ogreshaderexperpixellighting.h(246): warning C4251: 'Ogre::RTShader::PerPixelLighting::mLightAmbientColour' : class 'std::shared_ptr<Ogre::RTShader::UniformParameter>' necesita tener una interfaz DLL para que la utilicen los clientes de class 'Ogre::RTShader::PerPixelLighting'
     1>d:\uni\tercer curso\ig ii\ig2-ogre\ogresdk\include\ogre\rtshadersystem\ogreshaderexperpixellighting.h(248): warning C4251: 'Ogre::RTShader::PerPixelLighting::mDerivedAmbientLightColour' : class 'std::shared_ptr<Ogre::RTShader::UniformParameter>' necesita tener una interfaz DLL para que la utilicen los clientes de class 'Ogre::RTShader::PerPixelLighting'
     1>d:\uni\tercer curso\ig ii\ig2-ogre\ogresdk\include\ogre\rtshadersystem\ogreshaderexperpixellighting.h(250): warning C4251: 'Ogre::RTShader::PerPixelLighting::mSurfaceAmbientColour' : class 'std::shared_ptr<Ogre::RTShader::UniformParameter>' necesita tener una interfaz DLL para que la utilicen los clientes de class 'Ogre::RTShader::PerPixelLighting'
     1>d:\uni\tercer curso\ig ii\ig2-ogre\ogresdk\include\ogre\rtshadersystem\ogreshaderexperpixellighting.h(252): warning C4251: 'Ogre::RTShader::PerPixelLighting::mSurfaceDiffuseColour' : class 'std::shared_ptr<Ogre::RTShader::UniformParameter>' necesita tener una interfaz DLL para que la utilicen los clientes de class 'Ogre::RTShader::PerPixelLighting'
     1>d:\uni\tercer curso\ig ii\ig2-ogre\ogresdk\include\ogre\rtshadersystem\ogreshaderexperpixellighting.h(254): warning C4251: 'Ogre::RTShader::PerPixelLighting::mSurfaceSpecularColour' : class 'std::shared_ptr<Ogre::RTShader::UniformParameter>' necesita tener una interfaz DLL para que la utilicen los clientes de class 'Ogre::RTShader::PerPixelLighting'
     1>d:\uni\tercer curso\ig ii\ig2-ogre\ogresdk\include\ogre\rtshadersystem\ogreshaderexperpixellighting.h(256): warning C4251: 'Ogre::RTShader::PerPixelLighting::mSurfaceEmissiveColour' : class 'std::shared_ptr<Ogre::RTShader::UniformParameter>' necesita tener una interfaz DLL para que la utilicen los clientes de class 'Ogre::RTShader::PerPixelLighting'
     1>d:\uni\tercer curso\ig ii\ig2-ogre\ogresdk\include\ogre\rtshadersystem\ogreshaderexperpixellighting.h(258): warning C4251: 'Ogre::RTShader::PerPixelLighting::mSurfaceShininess' : class 'std::shared_ptr<Ogre::RTShader::UniformParameter>' necesita tener una interfaz DLL para que la utilicen los clientes de class 'Ogre::RTShader::PerPixelLighting'
     1>d:\uni\tercer curso\ig ii\ig2-ogre\ogresdk\include\ogre\rtshadersystem\ogreshaderexnormalmaplighting.h(106): warning C4251: 'Ogre::RTShader::NormalMapLighting::Type' : class 'std::basic_string<char,std::char_traits<char>,std::allocator<char>>' necesita tener una interfaz DLL para que la utilicen los clientes de class 'Ogre::RTShader::NormalMapLighting'
     1>d:\uni\tercer curso\ig ii\ig2-ogre\ogresdk\include\ogre\rtshadersystem\ogreshaderexnormalmaplighting.h(190): warning C4251: 'Ogre::RTShader::NormalMapLighting::LightParams::mPosition' : class 'std::shared_ptr<Ogre::RTShader::UniformParameter>' necesita tener una interfaz DLL para que la utilicen los clientes de struct 'Ogre::RTShader::NormalMapLighting::LightParams'
     1>d:\uni\tercer curso\ig ii\ig2-ogre\ogresdk\include\ogre\rtshadersystem\ogreshaderexnormalmaplighting.h(192): warning C4251: 'Ogre::RTShader::NormalMapLighting::LightParams::mVSOutToLightDir' : class 'std::shared_ptr<Ogre::RTShader::Parameter>' necesita tener una interfaz DLL para que la utilicen los clientes de struct 'Ogre::RTShader::NormalMapLighting::LightParams'
     1>d:\uni\tercer curso\ig ii\ig2-ogre\ogresdk\include\ogre\rtshadersystem\ogreshaderexnormalmaplighting.h(194): warning C4251: 'Ogre::RTShader::NormalMapLighting::LightParams::mPSInToLightDir' : class 'std::shared_ptr<Ogre::RTShader::Parameter>' necesita tener una interfaz DLL para que la utilicen los clientes de struct 'Ogre::RTShader::NormalMapLighting::LightParams'
     1>d:\uni\tercer curso\ig ii\ig2-ogre\ogresdk\include\ogre\rtshadersystem\ogreshaderexnormalmaplighting.h(196): warning C4251: 'Ogre::RTShader::NormalMapLighting::LightParams::mDirection' : class 'std::shared_ptr<Ogre::RTShader::UniformParameter>' necesita tener una interfaz DLL para que la utilicen los clientes de struct 'Ogre::RTShader::NormalMapLighting::LightParams'
     1>d:\uni\tercer curso\ig ii\ig2-ogre\ogresdk\include\ogre\rtshadersystem\ogreshaderexnormalmaplighting.h(198): warning C4251: 'Ogre::RTShader::NormalMapLighting::LightParams::mVSOutDirection' : class 'std::shared_ptr<Ogre::RTShader::Parameter>' necesita tener una interfaz DLL para que la utilicen los clientes de struct 'Ogre::RTShader::NormalMapLighting::LightParams'
     1>d:\uni\tercer curso\ig ii\ig2-ogre\ogresdk\include\ogre\rtshadersystem\ogreshaderexnormalmaplighting.h(200): warning C4251: 'Ogre::RTShader::NormalMapLighting::LightParams::mPSInDirection' : class 'std::shared_ptr<Ogre::RTShader::Parameter>' necesita tener una interfaz DLL para que la utilicen los clientes de struct 'Ogre::RTShader::NormalMapLighting::LightParams'
     1>d:\uni\tercer curso\ig ii\ig2-ogre\ogresdk\include\ogre\rtshadersystem\ogreshaderexnormalmaplighting.h(202): warning C4251: 'Ogre::RTShader::NormalMapLighting::LightParams::mAttenuatParams' : class 'std::shared_ptr<Ogre::RTShader::UniformParameter>' necesita tener una interfaz DLL para que la utilicen los clientes de struct 'Ogre::RTShader::NormalMapLighting::LightParams'
     1>d:\uni\tercer curso\ig ii\ig2-ogre\ogresdk\include\ogre\rtshadersystem\ogreshaderexnormalmaplighting.h(204): warning C4251: 'Ogre::RTShader::NormalMapLighting::LightParams::mSpotParams' : class 'std::shared_ptr<Ogre::RTShader::UniformParameter>' necesita tener una interfaz DLL para que la utilicen los clientes de struct 'Ogre::RTShader::NormalMapLighting::LightParams'
     1>d:\uni\tercer curso\ig ii\ig2-ogre\ogresdk\include\ogre\rtshadersystem\ogreshaderexnormalmaplighting.h(206): warning C4251: 'Ogre::RTShader::NormalMapLighting::LightParams::mDiffuseColour' : class 'std::shared_ptr<Ogre::RTShader::UniformParameter>' necesita tener una interfaz DLL para que la utilicen los clientes de struct 'Ogre::RTShader::NormalMapLighting::LightParams'
     1>d:\uni\tercer curso\ig ii\ig2-ogre\ogresdk\include\ogre\rtshadersystem\ogreshaderexnormalmaplighting.h(208): warning C4251: 'Ogre::RTShader::NormalMapLighting::LightParams::mSpecularColour' : class 'std::shared_ptr<Ogre::RTShader::UniformParameter>' necesita tener una interfaz DLL para que la utilicen los clientes de struct 'Ogre::RTShader::NormalMapLighting::LightParams'
     1>d:\uni\tercer curso\ig ii\ig2-ogre\ogresdk\include\ogre\rtshadersystem\ogreshaderexnormalmaplighting.h(313): warning C4251: 'Ogre::RTShader::NormalMapLighting::mNormalMapTextureName' : class 'std::basic_string<char,std::char_traits<char>,std::allocator<char>>' necesita tener una interfaz DLL para que la utilicen los clientes de class 'Ogre::RTShader::NormalMapLighting'
     1>d:\uni\tercer curso\ig ii\ig2-ogre\ogresdk\include\ogre\rtshadersystem\ogreshaderexnormalmaplighting.h(319): warning C4251: 'Ogre::RTShader::NormalMapLighting::mLightParamsList' : class 'std::vector<T,std::allocator<_Ty>>' necesita tener una interfaz DLL para que la utilicen los clientes de class 'Ogre::RTShader::NormalMapLighting'
                 with
                 [
                     T=Ogre::RTShader::NormalMapLighting::LightParams
         ,            _Ty=Ogre::RTShader::NormalMapLighting::LightParams
                 ]
     1>d:\uni\tercer curso\ig ii\ig2-ogre\ogresdk\include\ogre\rtshadersystem\ogreshaderexnormalmaplighting.h(337): warning C4251: 'Ogre::RTShader::NormalMapLighting::mWorldMatrix' : class 'std::shared_ptr<Ogre::RTShader::UniformParameter>' necesita tener una interfaz DLL para que la utilicen los clientes de class 'Ogre::RTShader::NormalMapLighting'
     1>d:\uni\tercer curso\ig ii\ig2-ogre\ogresdk\include\ogre\rtshadersystem\ogreshaderexnormalmaplighting.h(339): warning C4251: 'Ogre::RTShader::NormalMapLighting::mWorldInvRotMatrix' : class 'std::shared_ptr<Ogre::RTShader::UniformParameter>' necesita tener una interfaz DLL para que la utilicen los clientes de class 'Ogre::RTShader::NormalMapLighting'
     1>d:\uni\tercer curso\ig ii\ig2-ogre\ogresdk\include\ogre\rtshadersystem\ogreshaderexnormalmaplighting.h(341): warning C4251: 'Ogre::RTShader::NormalMapLighting::mCamPosWorldSpace' : class 'std::shared_ptr<Ogre::RTShader::UniformParameter>' necesita tener una interfaz DLL para que la utilicen los clientes de class 'Ogre::RTShader::NormalMapLighting'
     1>d:\uni\tercer curso\ig ii\ig2-ogre\ogresdk\include\ogre\rtshadersystem\ogreshaderexnormalmaplighting.h(343): warning C4251: 'Ogre::RTShader::NormalMapLighting::mVSInPosition' : class 'std::shared_ptr<Ogre::RTShader::Parameter>' necesita tener una interfaz DLL para que la utilicen los clientes de class 'Ogre::RTShader::NormalMapLighting'
     1>d:\uni\tercer curso\ig ii\ig2-ogre\ogresdk\include\ogre\rtshadersystem\ogreshaderexnormalmaplighting.h(345): warning C4251: 'Ogre::RTShader::NormalMapLighting::mVSWorldPosition' : class 'std::shared_ptr<Ogre::RTShader::Parameter>' necesita tener una interfaz DLL para que la utilicen los clientes de class 'Ogre::RTShader::NormalMapLighting'
     1>d:\uni\tercer curso\ig ii\ig2-ogre\ogresdk\include\ogre\rtshadersystem\ogreshaderexnormalmaplighting.h(347): warning C4251: 'Ogre::RTShader::NormalMapLighting::mVSOutView' : class 'std::shared_ptr<Ogre::RTShader::Parameter>' necesita tener una interfaz DLL para que la utilicen los clientes de class 'Ogre::RTShader::NormalMapLighting'
     1>d:\uni\tercer curso\ig ii\ig2-ogre\ogresdk\include\ogre\rtshadersystem\ogreshaderexnormalmaplighting.h(349): warning C4251: 'Ogre::RTShader::NormalMapLighting::mPSInView' : class 'std::shared_ptr<Ogre::RTShader::Parameter>' necesita tener una interfaz DLL para que la utilicen los clientes de class 'Ogre::RTShader::NormalMapLighting'
     1>d:\uni\tercer curso\ig ii\ig2-ogre\ogresdk\include\ogre\rtshadersystem\ogreshaderexnormalmaplighting.h(351): warning C4251: 'Ogre::RTShader::NormalMapLighting::mVSInNormal' : class 'std::shared_ptr<Ogre::RTShader::Parameter>' necesita tener una interfaz DLL para que la utilicen los clientes de class 'Ogre::RTShader::NormalMapLighting'
     1>d:\uni\tercer curso\ig ii\ig2-ogre\ogresdk\include\ogre\rtshadersystem\ogreshaderexnormalmaplighting.h(353): warning C4251: 'Ogre::RTShader::NormalMapLighting::mVSInTangent' : class 'std::shared_ptr<Ogre::RTShader::Parameter>' necesita tener una interfaz DLL para que la utilicen los clientes de class 'Ogre::RTShader::NormalMapLighting'
     1>d:\uni\tercer curso\ig ii\ig2-ogre\ogresdk\include\ogre\rtshadersystem\ogreshaderexnormalmaplighting.h(355): warning C4251: 'Ogre::RTShader::NormalMapLighting::mVSTBNMatrix' : class 'std::shared_ptr<Ogre::RTShader::Parameter>' necesita tener una interfaz DLL para que la utilicen los clientes de class 'Ogre::RTShader::NormalMapLighting'
     1>d:\uni\tercer curso\ig ii\ig2-ogre\ogresdk\include\ogre\rtshadersystem\ogreshaderexnormalmaplighting.h(357): warning C4251: 'Ogre::RTShader::NormalMapLighting::mVSLocalDir' : class 'std::shared_ptr<Ogre::RTShader::Parameter>' necesita tener una interfaz DLL para que la utilicen los clientes de class 'Ogre::RTShader::NormalMapLighting'
     1>d:\uni\tercer curso\ig ii\ig2-ogre\ogresdk\include\ogre\rtshadersystem\ogreshaderexnormalmaplighting.h(359): warning C4251: 'Ogre::RTShader::NormalMapLighting::mNormalMapSampler' : class 'std::shared_ptr<Ogre::RTShader::UniformParameter>' necesita tener una interfaz DLL para que la utilicen los clientes de class 'Ogre::RTShader::NormalMapLighting'
     1>d:\uni\tercer curso\ig ii\ig2-ogre\ogresdk\include\ogre\rtshadersystem\ogreshaderexnormalmaplighting.h(361): warning C4251: 'Ogre::RTShader::NormalMapLighting::mNormalMapSamplerState' : class 'std::shared_ptr<Ogre::RTShader::UniformParameter>' necesita tener una interfaz DLL para que la utilicen los clientes de class 'Ogre::RTShader::NormalMapLighting'
     1>d:\uni\tercer curso\ig ii\ig2-ogre\ogresdk\include\ogre\rtshadersystem\ogreshaderexnormalmaplighting.h(363): warning C4251: 'Ogre::RTShader::NormalMapLighting::mPSNormal' : class 'std::shared_ptr<Ogre::RTShader::Parameter>' necesita tener una interfaz DLL para que la utilicen los clientes de class 'Ogre::RTShader::NormalMapLighting'
     1>d:\uni\tercer curso\ig ii\ig2-ogre\ogresdk\include\ogre\rtshadersystem\ogreshaderexnormalmaplighting.h(365): warning C4251: 'Ogre::RTShader::NormalMapLighting::mVSInTexcoord' : class 'std::shared_ptr<Ogre::RTShader::Parameter>' necesita tener una interfaz DLL para que la utilicen los clientes de class 'Ogre::RTShader::NormalMapLighting'
     1>d:\uni\tercer curso\ig ii\ig2-ogre\ogresdk\include\ogre\rtshadersystem\ogreshaderexnormalmaplighting.h(367): warning C4251: 'Ogre::RTShader::NormalMapLighting::mVSOutTexcoord' : class 'std::shared_ptr<Ogre::RTShader::Parameter>' necesita tener una interfaz DLL para que la utilicen los clientes de class 'Ogre::RTShader::NormalMapLighting'
     1>d:\uni\tercer curso\ig ii\ig2-ogre\ogresdk\include\ogre\rtshadersystem\ogreshaderexnormalmaplighting.h(369): warning C4251: 'Ogre::RTShader::NormalMapLighting::mPSInTexcoord' : class 'std::shared_ptr<Ogre::RTShader::Parameter>' necesita tener una interfaz DLL para que la utilicen los clientes de class 'Ogre::RTShader::NormalMapLighting'
     1>d:\uni\tercer curso\ig ii\ig2-ogre\ogresdk\include\ogre\rtshadersystem\ogreshaderexnormalmaplighting.h(371): warning C4251: 'Ogre::RTShader::NormalMapLighting::mPSTempDiffuseColour' : class 'std::shared_ptr<Ogre::RTShader::Parameter>' necesita tener una interfaz DLL para que la utilicen los clientes de class 'Ogre::RTShader::NormalMapLighting'
     1>d:\uni\tercer curso\ig ii\ig2-ogre\ogresdk\include\ogre\rtshadersystem\ogreshaderexnormalmaplighting.h(373): warning C4251: 'Ogre::RTShader::NormalMapLighting::mPSTempSpecularColour' : class 'std::shared_ptr<Ogre::RTShader::Parameter>' necesita tener una interfaz DLL para que la utilicen los clientes de class 'Ogre::RTShader::NormalMapLighting'
     1>d:\uni\tercer curso\ig ii\ig2-ogre\ogresdk\include\ogre\rtshadersystem\ogreshaderexnormalmaplighting.h(375): warning C4251: 'Ogre::RTShader::NormalMapLighting::mPSDiffuse' : class 'std::shared_ptr<Ogre::RTShader::Parameter>' necesita tener una interfaz DLL para que la utilicen los clientes de class 'Ogre::RTShader::NormalMapLighting'
     1>d:\uni\tercer curso\ig ii\ig2-ogre\ogresdk\include\ogre\rtshadersystem\ogreshaderexnormalmaplighting.h(377): warning C4251: 'Ogre::RTShader::NormalMapLighting::mPSSpecular' : class 'std::shared_ptr<Ogre::RTShader::Parameter>' necesita tener una interfaz DLL para que la utilicen los clientes de class 'Ogre::RTShader::NormalMapLighting'
     1>d:\uni\tercer curso\ig ii\ig2-ogre\ogresdk\include\ogre\rtshadersystem\ogreshaderexnormalmaplighting.h(379): warning C4251: 'Ogre::RTShader::NormalMapLighting::mPSOutDiffuse' : class 'std::shared_ptr<Ogre::RTShader::Parameter>' necesita tener una interfaz DLL para que la utilicen los clientes de class 'Ogre::RTShader::NormalMapLighting'
     1>d:\uni\tercer curso\ig ii\ig2-ogre\ogresdk\include\ogre\rtshadersystem\ogreshaderexnormalmaplighting.h(381): warning C4251: 'Ogre::RTShader::NormalMapLighting::mPSOutSpecular' : class 'std::shared_ptr<Ogre::RTShader::Parameter>' necesita tener una interfaz DLL para que la utilicen los clientes de class 'Ogre::RTShader::NormalMapLighting'
     1>d:\uni\tercer curso\ig ii\ig2-ogre\ogresdk\include\ogre\rtshadersystem\ogreshaderexnormalmaplighting.h(383): warning C4251: 'Ogre::RTShader::NormalMapLighting::mDerivedSceneColour' : class 'std::shared_ptr<Ogre::RTShader::UniformParameter>' necesita tener una interfaz DLL para que la utilicen los clientes de class 'Ogre::RTShader::NormalMapLighting'
     1>d:\uni\tercer curso\ig ii\ig2-ogre\ogresdk\include\ogre\rtshadersystem\ogreshaderexnormalmaplighting.h(385): warning C4251: 'Ogre::RTShader::NormalMapLighting::mLightAmbientColour' : class 'std::shared_ptr<Ogre::RTShader::UniformParameter>' necesita tener una interfaz DLL para que la utilicen los clientes de class 'Ogre::RTShader::NormalMapLighting'
     1>d:\uni\tercer curso\ig ii\ig2-ogre\ogresdk\include\ogre\rtshadersystem\ogreshaderexnormalmaplighting.h(387): warning C4251: 'Ogre::RTShader::NormalMapLighting::mDerivedAmbientLightColour' : class 'std::shared_ptr<Ogre::RTShader::UniformParameter>' necesita tener una interfaz DLL para que la utilicen los clientes de class 'Ogre::RTShader::NormalMapLighting'
     1>d:\uni\tercer curso\ig ii\ig2-ogre\ogresdk\include\ogre\rtshadersystem\ogreshaderexnormalmaplighting.h(389): warning C4251: 'Ogre::RTShader::NormalMapLighting::mSurfaceAmbientColour' : class 'std::shared_ptr<Ogre::RTShader::UniformParameter>' necesita tener una interfaz DLL para que la utilicen los clientes de class 'Ogre::RTShader::NormalMapLighting'
     1>d:\uni\tercer curso\ig ii\ig2-ogre\ogresdk\include\ogre\rtshadersystem\ogreshaderexnormalmaplighting.h(391): warning C4251: 'Ogre::RTShader::NormalMapLighting::mSurfaceDiffuseColour' : class 'std::shared_ptr<Ogre::RTShader::UniformParameter>' necesita tener una interfaz DLL para que la utilicen los clientes de class 'Ogre::RTShader::NormalMapLighting'
     1>d:\uni\tercer curso\ig ii\ig2-ogre\ogresdk\include\ogre\rtshadersystem\ogreshaderexnormalmaplighting.h(393): warning C4251: 'Ogre::RTShader::NormalMapLighting::mSurfaceSpecularColour' : class 'std::shared_ptr<Ogre::RTShader::UniformParameter>' necesita tener una interfaz DLL para que la utilicen los clientes de class 'Ogre::RTShader::NormalMapLighting'
     1>d:\uni\tercer curso\ig ii\ig2-ogre\ogresdk\include\ogre\rtshadersystem\ogreshaderexnormalmaplighting.h(395): warning C4251: 'Ogre::RTShader::NormalMapLighting::mSurfaceEmissiveColour' : class 'std::shared_ptr<Ogre::RTShader::UniformParameter>' necesita tener una interfaz DLL para que la utilicen los clientes de class 'Ogre::RTShader::NormalMapLighting'
     1>d:\uni\tercer curso\ig ii\ig2-ogre\ogresdk\include\ogre\rtshadersystem\ogreshaderexnormalmaplighting.h(397): warning C4251: 'Ogre::RTShader::NormalMapLighting::mSurfaceShininess' : class 'std::shared_ptr<Ogre::RTShader::UniformParameter>' necesita tener una interfaz DLL para que la utilicen los clientes de class 'Ogre::RTShader::NormalMapLighting'
     1>d:\uni\tercer curso\ig ii\ig2-ogre\ogresdk\include\ogre\rtshadersystem\ogreshaderexintegratedpssm3.h(100): warning C4251: 'Ogre::RTShader::IntegratedPSSM3::Type' : class 'std::basic_string<char,std::char_traits<char>,std::allocator<char>>' necesita tener una interfaz DLL para que la utilicen los clientes de class 'Ogre::RTShader::IntegratedPSSM3'
     1>d:\uni\tercer curso\ig ii\ig2-ogre\ogresdk\include\ogre\rtshadersystem\ogreshaderexintegratedpssm3.h(113): warning C4251: 'Ogre::RTShader::IntegratedPSSM3::ShadowTextureParams::mTextureSampler' : class 'std::shared_ptr<Ogre::RTShader::UniformParameter>' necesita tener una interfaz DLL para que la utilicen los clientes de struct 'Ogre::RTShader::IntegratedPSSM3::ShadowTextureParams'
     1>d:\uni\tercer curso\ig ii\ig2-ogre\ogresdk\include\ogre\rtshadersystem\ogreshaderexintegratedpssm3.h(115): warning C4251: 'Ogre::RTShader::IntegratedPSSM3::ShadowTextureParams::mInvTextureSize' : class 'std::shared_ptr<Ogre::RTShader::UniformParameter>' necesita tener una interfaz DLL para que la utilicen los clientes de struct 'Ogre::RTShader::IntegratedPSSM3::ShadowTextureParams'
     1>d:\uni\tercer curso\ig ii\ig2-ogre\ogresdk\include\ogre\rtshadersystem\ogreshaderexintegratedpssm3.h(117): warning C4251: 'Ogre::RTShader::IntegratedPSSM3::ShadowTextureParams::mWorldViewProjMatrix' : class 'std::shared_ptr<Ogre::RTShader::UniformParameter>' necesita tener una interfaz DLL para que la utilicen los clientes de struct 'Ogre::RTShader::IntegratedPSSM3::ShadowTextureParams'
     1>d:\uni\tercer curso\ig ii\ig2-ogre\ogresdk\include\ogre\rtshadersystem\ogreshaderexintegratedpssm3.h(119): warning C4251: 'Ogre::RTShader::IntegratedPSSM3::ShadowTextureParams::mVSOutLightPosition' : class 'std::shared_ptr<Ogre::RTShader::Parameter>' necesita tener una interfaz DLL para que la utilicen los clientes de struct 'Ogre::RTShader::IntegratedPSSM3::ShadowTextureParams'
     1>d:\uni\tercer curso\ig ii\ig2-ogre\ogresdk\include\ogre\rtshadersystem\ogreshaderexintegratedpssm3.h(121): warning C4251: 'Ogre::RTShader::IntegratedPSSM3::ShadowTextureParams::mPSInLightPosition' : class 'std::shared_ptr<Ogre::RTShader::Parameter>' necesita tener una interfaz DLL para que la utilicen los clientes de struct 'Ogre::RTShader::IntegratedPSSM3::ShadowTextureParams'
     1>d:\uni\tercer curso\ig ii\ig2-ogre\ogresdk\include\ogre\rtshadersystem\ogreshaderexintegratedpssm3.h(166): warning C4251: 'Ogre::RTShader::IntegratedPSSM3::mShadowTextureParamsList' : class 'std::vector<T,std::allocator<_Ty>>' necesita tener una interfaz DLL para que la utilicen los clientes de class 'Ogre::RTShader::IntegratedPSSM3'
                 with
                 [
                     T=Ogre::RTShader::IntegratedPSSM3::ShadowTextureParams
         ,            _Ty=Ogre::RTShader::IntegratedPSSM3::ShadowTextureParams
                 ]
     1>d:\uni\tercer curso\ig ii\ig2-ogre\ogresdk\include\ogre\rtshadersystem\ogreshaderexintegratedpssm3.h(168): warning C4251: 'Ogre::RTShader::IntegratedPSSM3::mPSSplitPoints' : class 'std::shared_ptr<Ogre::RTShader::UniformParameter>' necesita tener una interfaz DLL para que la utilicen los clientes de class 'Ogre::RTShader::IntegratedPSSM3'
     1>d:\uni\tercer curso\ig ii\ig2-ogre\ogresdk\include\ogre\rtshadersystem\ogreshaderexintegratedpssm3.h(170): warning C4251: 'Ogre::RTShader::IntegratedPSSM3::mVSInPos' : class 'std::shared_ptr<Ogre::RTShader::Parameter>' necesita tener una interfaz DLL para que la utilicen los clientes de class 'Ogre::RTShader::IntegratedPSSM3'
     1>d:\uni\tercer curso\ig ii\ig2-ogre\ogresdk\include\ogre\rtshadersystem\ogreshaderexintegratedpssm3.h(172): warning C4251: 'Ogre::RTShader::IntegratedPSSM3::mVSOutPos' : class 'std::shared_ptr<Ogre::RTShader::Parameter>' necesita tener una interfaz DLL para que la utilicen los clientes de class 'Ogre::RTShader::IntegratedPSSM3'
     1>d:\uni\tercer curso\ig ii\ig2-ogre\ogresdk\include\ogre\rtshadersystem\ogreshaderexintegratedpssm3.h(174): warning C4251: 'Ogre::RTShader::IntegratedPSSM3::mVSOutDepth' : class 'std::shared_ptr<Ogre::RTShader::Parameter>' necesita tener una interfaz DLL para que la utilicen los clientes de class 'Ogre::RTShader::IntegratedPSSM3'
     1>d:\uni\tercer curso\ig ii\ig2-ogre\ogresdk\include\ogre\rtshadersystem\ogreshaderexintegratedpssm3.h(176): warning C4251: 'Ogre::RTShader::IntegratedPSSM3::mPSInDepth' : class 'std::shared_ptr<Ogre::RTShader::Parameter>' necesita tener una interfaz DLL para que la utilicen los clientes de class 'Ogre::RTShader::IntegratedPSSM3'
     1>d:\uni\tercer curso\ig ii\ig2-ogre\ogresdk\include\ogre\rtshadersystem\ogreshaderexintegratedpssm3.h(178): warning C4251: 'Ogre::RTShader::IntegratedPSSM3::mPSLocalShadowFactor' : class 'std::shared_ptr<Ogre::RTShader::Parameter>' necesita tener una interfaz DLL para que la utilicen los clientes de class 'Ogre::RTShader::IntegratedPSSM3'
     1>d:\uni\tercer curso\ig ii\ig2-ogre\ogresdk\include\ogre\rtshadersystem\ogreshaderexintegratedpssm3.h(180): warning C4251: 'Ogre::RTShader::IntegratedPSSM3::mPSDiffuse' : class 'std::shared_ptr<Ogre::RTShader::Parameter>' necesita tener una interfaz DLL para que la utilicen los clientes de class 'Ogre::RTShader::IntegratedPSSM3'
     1>d:\uni\tercer curso\ig ii\ig2-ogre\ogresdk\include\ogre\rtshadersystem\ogreshaderexintegratedpssm3.h(182): warning C4251: 'Ogre::RTShader::IntegratedPSSM3::mPSOutDiffuse' : class 'std::shared_ptr<Ogre::RTShader::Parameter>' necesita tener una interfaz DLL para que la utilicen los clientes de class 'Ogre::RTShader::IntegratedPSSM3'
     1>d:\uni\tercer curso\ig ii\ig2-ogre\ogresdk\include\ogre\rtshadersystem\ogreshaderexintegratedpssm3.h(184): warning C4251: 'Ogre::RTShader::IntegratedPSSM3::mPSSpecualr' : class 'std::shared_ptr<Ogre::RTShader::Parameter>' necesita tener una interfaz DLL para que la utilicen los clientes de class 'Ogre::RTShader::IntegratedPSSM3'
     1>d:\uni\tercer curso\ig ii\ig2-ogre\ogresdk\include\ogre\rtshadersystem\ogreshaderexintegratedpssm3.h(186): warning C4251: 'Ogre::RTShader::IntegratedPSSM3::mPSDerivedSceneColour' : class 'std::shared_ptr<Ogre::RTShader::UniformParameter>' necesita tener una interfaz DLL para que la utilicen los clientes de class 'Ogre::RTShader::IntegratedPSSM3'
     1>d:\uni\tercer curso\ig ii\ig2-ogre\ogresdk\include\ogre\rtshadersystem\ogreshaderexlayeredblending.h(153): warning C4251: 'Ogre::RTShader::LayeredBlending::Type' : class 'std::basic_string<char,std::char_traits<char>,std::allocator<char>>' necesita tener una interfaz DLL para que la utilicen los clientes de class 'Ogre::RTShader::LayeredBlending'
     1>d:\uni\tercer curso\ig ii\ig2-ogre\ogresdk\include\ogre\rtshadersystem\ogreshaderexlayeredblending.h(192): warning C4251: 'Ogre::RTShader::LayeredBlending::mTextureBlends' : class 'std::vector<T,std::allocator<_Ty>>' necesita tener una interfaz DLL para que la utilicen los clientes de class 'Ogre::RTShader::LayeredBlending'
                 with
                 [
                     T=Ogre::RTShader::LayeredBlending::TextureBlend
         ,            _Ty=Ogre::RTShader::LayeredBlending::TextureBlend
                 ]
     1>d:\uni\tercer curso\ig ii\ig2-ogre\ogresdk\include\ogre\rtshadersystem\ogreshaderexhardwareskinning.h(145): warning C4251: 'Ogre::RTShader::HardwareSkinning::Type' : class 'std::basic_string<char,std::char_traits<char>,std::allocator<char>>' necesita tener una interfaz DLL para que la utilicen los clientes de class 'Ogre::RTShader::HardwareSkinning'
     1>d:\uni\tercer curso\ig ii\ig2-ogre\ogresdk\include\ogre\rtshadersystem\ogreshaderexhardwareskinning.h(164): warning C4251: 'Ogre::RTShader::HardwareSkinning::mLinear' : class 'std::shared_ptr<Ogre::RTShader::LinearSkinning>' necesita tener una interfaz DLL para que la utilicen los clientes de class 'Ogre::RTShader::HardwareSkinning'
     1>d:\uni\tercer curso\ig ii\ig2-ogre\ogresdk\include\ogre\rtshadersystem\ogreshaderexhardwareskinning.h(165): warning C4251: 'Ogre::RTShader::HardwareSkinning::mDualQuat' : class 'std::shared_ptr<Ogre::RTShader::DualQuaternionSkinning>' necesita tener una interfaz DLL para que la utilicen los clientes de class 'Ogre::RTShader::HardwareSkinning'
     1>d:\uni\tercer curso\ig ii\ig2-ogre\ogresdk\include\ogre\rtshadersystem\ogreshaderexhardwareskinning.h(166): warning C4251: 'Ogre::RTShader::HardwareSkinning::mActiveTechnique' : class 'std::shared_ptr<Ogre::RTShader::HardwareSkinningTechnique>' necesita tener una interfaz DLL para que la utilicen los clientes de class 'Ogre::RTShader::HardwareSkinning'
     1>d:\uni\tercer curso\ig ii\ig2-ogre\ogresdk\include\ogre\rtshadersystem\ogreshaderexhardwareskinning.h(316): warning C4251: 'Ogre::RTShader::HardwareSkinningFactory::mCustomShadowCasterMaterialsLinear' : class 'std::shared_ptr<Ogre::Material>' necesita tener una interfaz DLL para que la utilicen los clientes de class 'Ogre::RTShader::HardwareSkinningFactory'
     1>d:\uni\tercer curso\ig ii\ig2-ogre\ogresdk\include\ogre\rtshadersystem\ogreshaderexhardwareskinning.h(317): warning C4251: 'Ogre::RTShader::HardwareSkinningFactory::mCustomShadowCasterMaterialsDualQuaternion' : class 'std::shared_ptr<Ogre::Material>' necesita tener una interfaz DLL para que la utilicen los clientes de class 'Ogre::RTShader::HardwareSkinningFactory'
     1>d:\uni\tercer curso\ig ii\ig2-ogre\ogresdk\include\ogre\rtshadersystem\ogreshaderexhardwareskinning.h(320): warning C4251: 'Ogre::RTShader::HardwareSkinningFactory::mCustomShadowReceiverMaterialsLinear' : class 'std::shared_ptr<Ogre::Material>' necesita tener una interfaz DLL para que la utilicen los clientes de class 'Ogre::RTShader::HardwareSkinningFactory'
     1>d:\uni\tercer curso\ig ii\ig2-ogre\ogresdk\include\ogre\rtshadersystem\ogreshaderexhardwareskinning.h(321): warning C4251: 'Ogre::RTShader::HardwareSkinningFactory::mCustomShadowReceiverMaterialsDualQuaternion' : class 'std::shared_ptr<Ogre::Material>' necesita tener una interfaz DLL para que la utilicen los clientes de class 'Ogre::RTShader::HardwareSkinningFactory'
     1>d:\uni\tercer curso\ig ii\ig2-ogre\ogresdk\include\ogre\rtshadersystem\ogreshadermaterialserializerlistener.h(47): warning C4275: se ha utilizado una interfaz no de DLL class 'Ogre::MaterialSerializer::Listener' como base para la interfaz DLL class 'Ogre::RTShader::SGMaterialSerializerListener'
                 d:\uni\tercer curso\ig ii\ig2-ogre\ogresdk\include\ogre\ogrematerialserializer.h(121) : vea la declaración de 'Ogre::MaterialSerializer::Listener'
                 d:\uni\tercer curso\ig ii\ig2-ogre\ogresdk\include\ogre\rtshadersystem\ogreshadermaterialserializerlistener.h(47) : vea la declaración de 'Ogre::RTShader::SGMaterialSerializerListener'
     1>d:\uni\tercer curso\ig ii\ig2-ogre\ogresdk\include\ogre\rtshadersystem\ogreshadermaterialserializerlistener.h(101): warning C4251: 'Ogre::RTShader::SGMaterialSerializerListener::mSGPassList' : class 'std::vector<T,std::allocator<_Ty>>' necesita tener una interfaz DLL para que la utilicen los clientes de class 'Ogre::RTShader::SGMaterialSerializerListener'
                 with
                 [
                     T=Ogre::RTShader::ShaderGenerator::SGPass *
         ,            _Ty=Ogre::RTShader::ShaderGenerator::SGPass *
                 ]
     1>d:\uni\tercer curso\ig ii\ig2-ogre\ogresdk\include\ogre\bites\ogresgtechniqueresolverlistener.h(47): warning C4275: se ha utilizado una interfaz no de DLL class 'Ogre::MaterialManager::Listener' como base para la interfaz DLL class 'OgreBites::SGTechniqueResolverListener'
                 d:\uni\tercer curso\ig ii\ig2-ogre\ogresdk\include\ogre\ogrematerialmanager.h(70) : vea la declaración de 'Ogre::MaterialManager::Listener'
                 d:\uni\tercer curso\ig ii\ig2-ogre\ogresdk\include\ogre\bites\ogresgtechniqueresolverlistener.h(47) : vea la declaración de 'OgreBites::SGTechniqueResolverListener'
     1>d:\uni\tercer curso\ig ii\ig2-ogre\holaogre\sinbad.cpp(92): warning C4244: 'argumento' : conversión de 'int' a 'Ogre::Real'; posible pérdida de datos
     1>d:\uni\tercer curso\ig ii\ig2-ogre\holaogre\sinbad.cpp(108): warning C4244: 'inicializando' : conversión de 'double' a 'Ogre::Real'; posible pérdida de datos
     1>d:\uni\tercer curso\ig ii\ig2-ogre\holaogre\sinbad.cpp(114): warning C4244: 'argumento' : conversión de 'double' a 'Ogre::Real'; posible pérdida de datos
     1>d:\uni\tercer curso\ig ii\ig2-ogre\holaogre\sinbad.cpp(120): warning C4244: 'argumento' : conversión de 'double' a 'Ogre::Real'; posible pérdida de datos
     1>d:\uni\tercer curso\ig ii\ig2-ogre\holaogre\sinbad.cpp(126): warning C4244: 'argumento' : conversión de 'double' a 'Ogre::Real'; posible pérdida de datos
     1>d:\uni\tercer curso\ig ii\ig2-ogre\holaogre\sinbad.cpp(132): warning C4244: 'argumento' : conversión de 'double' a 'Ogre::Real'; posible pérdida de datos
     1>d:\uni\tercer curso\ig ii\ig2-ogre\holaogre\sinbad.cpp(137): warning C4244: 'argumento' : conversión de 'double' a 'Ogre::Real'; posible pérdida de datos
     1>d:\uni\tercer curso\ig ii\ig2-ogre\holaogre\sinbad.cpp(143): warning C4244: 'argumento' : conversión de 'double' a 'Ogre::Real'; posible pérdida de datos
     1>d:\uni\tercer curso\ig ii\ig2-ogre\holaogre\sinbad.cpp(149): warning C4244: 'argumento' : conversión de 'double' a 'Ogre::Real'; posible pérdida de datos
     1>d:\uni\tercer curso\ig ii\ig2-ogre\holaogre\sinbad.cpp(160): warning C4244: 'argumento' : conversión de 'int' a 'Ogre::Real'; posible pérdida de datos
     1>d:\uni\tercer curso\ig ii\ig2-ogre\holaogre\sinbad.cpp(186): warning C4244: 'argumento' : conversión de 'int' a 'Ogre::Real'; posible pérdida de datos
       Link:
         D:\Visual Studio\VC\bin\link.exe /ERRORREPORT:PROMPT /OUT:"D:\UNI\TERCER CURSO\IG II\IG2-Ogre\bin\HolaOGREDebug.exe" /INCREMENTAL /NOLOGO OgreMain_d.lib OgreBites_d.lib OgreRTShaderSystem_d.lib OgreOverlay_d.lib SDL2.lib SDL2main.lib kernel32.lib user32.lib gdi32.lib winspool.lib comdlg32.lib advapi32.lib shell32.lib ole32.lib oleaut32.lib uuid.lib odbc32.lib odbccp32.lib /MANIFEST /MANIFESTUAC:"level='asInvoker' uiAccess='false'" /manifest:embed /DEBUG /PDB:"D:\UNI\TERCER CURSO\IG II\IG2-Ogre\bin\HolaOGREDebug.pdb" /SUBSYSTEM:CONSOLE /TLBID:1 /DYNAMICBASE /NXCOMPAT /IMPLIB:"D:\UNI\TERCER CURSO\IG II\IG2-Ogre\bin\HolaOGREDebug.lib" /MACHINE:X86 Debug\BombMan.obj
         Debug\HolaApp.obj
         Debug\KnotFlyMan.obj
         Debug\main.obj
         Debug\MyApplicationContext.obj
         Debug\ObjectMan.obj
         Debug\PanelMan.obj
         Debug\Sinbad.obj
         HolaOGRE.vcxproj -> D:\UNI\TERCER CURSO\IG II\IG2-Ogre\bin\HolaOGREDebug.exe
     1>Compilación del proyecto terminada "D:\UNI\TERCER CURSO\IG II\IG2-Ogre\HolaOGRE\HolaOGRE.vcxproj" (Build destinos).

Compilación correcta.

Tiempo transcurrido 00:00:06.30
